25-Nov-2025 10:08:52.208 INFO [main] org.apache.catalina.startup.VersionLoggerListener.log Server version name:   Apache Tomcat/10.1.46
25-Nov-2025 10:08:52.210 INFO [main] org.apache.catalina.startup.VersionLoggerListener.log Server built:          Sep 8 2025 14:26:21 UTC
25-Nov-2025 10:08:52.210 INFO [main] org.apache.catalina.startup.VersionLoggerListener.log Server version number: 10.1.46.0
25-Nov-2025 10:08:52.210 INFO [main] org.apache.catalina.startup.VersionLoggerListener.log OS Name:               Windows 11
25-Nov-2025 10:08:52.211 INFO [main] org.apache.catalina.startup.VersionLoggerListener.log OS Version:            10.0
25-Nov-2025 10:08:52.211 INFO [main] org.apache.catalina.startup.VersionLoggerListener.log Architecture:          amd64
25-Nov-2025 10:08:52.211 INFO [main] org.apache.catalina.startup.VersionLoggerListener.log Java Home:             C:\Program Files\Apache NetBeans\jdk
25-Nov-2025 10:08:52.211 INFO [main] org.apache.catalina.startup.VersionLoggerListener.log JVM Version:           24.0.2+12
25-Nov-2025 10:08:52.211 INFO [main] org.apache.catalina.startup.VersionLoggerListener.log JVM Vendor:            Azul Systems, Inc.
25-Nov-2025 10:08:52.211 INFO [main] org.apache.catalina.startup.VersionLoggerListener.log CATALINA_BASE:         C:\Users\dell\Downloads\apache-tomcat-10.1.46-windows-x64\apache-tomcat-10.1.46
25-Nov-2025 10:08:52.211 INFO [main] org.apache.catalina.startup.VersionLoggerListener.log CATALINA_HOME:         C:\Users\dell\Downloads\apache-tomcat-10.1.46-windows-x64\apache-tomcat-10.1.46
25-Nov-2025 10:08:52.221 INFO [main] org.apache.catalina.startup.VersionLoggerListener.log Command line argument: -Djava.util.logging.config.file=c:\Users\dell\Downloads\apache-tomcat-10.1.46-windows-x64\apache-tomcat-10.1.46/conf/logging.properties
25-Nov-2025 10:08:52.221 INFO [main] org.apache.catalina.startup.VersionLoggerListener.log Command line argument: -Djava.util.logging.manager=org.apache.juli.ClassLoaderLogManager
25-Nov-2025 10:08:52.222 INFO [main] org.apache.catalina.startup.VersionLoggerListener.log Command line argument: -Djdk.tls.ephemeralDHKeySize=2048
25-Nov-2025 10:08:52.222 INFO [main] org.apache.catalina.startup.VersionLoggerListener.log Command line argument: -Djava.protocol.handler.pkgs=org.apache.catalina.webresources
25-Nov-2025 10:08:52.222 INFO [main] org.apache.catalina.startup.VersionLoggerListener.log Command line argument: -Dorg.apache.catalina.security.SecurityListener.UMASK=0027
25-Nov-2025 10:08:52.222 INFO [main] org.apache.catalina.startup.VersionLoggerListener.log Command line argument: -Dcatalina.base=c:\Users\dell\Downloads\apache-tomcat-10.1.46-windows-x64\apache-tomcat-10.1.46
25-Nov-2025 10:08:52.222 INFO [main] org.apache.catalina.startup.VersionLoggerListener.log Command line argument: -Dcatalina.home=c:\Users\dell\Downloads\apache-tomcat-10.1.46-windows-x64\apache-tomcat-10.1.46
25-Nov-2025 10:08:52.222 INFO [main] org.apache.catalina.startup.VersionLoggerListener.log Command line argument: -Djava.io.tmpdir=c:\Users\dell\Downloads\apache-tomcat-10.1.46-windows-x64\apache-tomcat-10.1.46/temp
25-Nov-2025 10:08:52.595 INFO [main] org.apache.catalina.core.AprLifecycleListener.lifecycleEvent Loaded Apache Tomcat Native library [2.0.9] using APR version [1.7.6].
25-Nov-2025 10:08:52.605 INFO [main] org.apache.catalina.core.AprLifecycleListener.initializeSSL OpenSSL successfully initialized [OpenSSL 3.5.0 8 Apr 2025]
25-Nov-2025 10:08:52.836 INFO [main] org.apache.coyote.AbstractProtocol.init Initializing ProtocolHandler ["http-nio-8080"]
25-Nov-2025 10:08:52.854 INFO [main] org.apache.catalina.startup.Catalina.load Server initialization in [817] milliseconds
25-Nov-2025 10:08:52.901 INFO [main] org.apache.catalina.core.StandardService.startInternal Starting service [Catalina]
25-Nov-2025 10:08:52.901 INFO [main] org.apache.catalina.core.StandardEngine.startInternal Starting Servlet engine: [Apache Tomcat/10.1.46]
25-Nov-2025 10:08:52.915 INFO [main] org.apache.catalina.startup.HostConfig.deployDirectory Deploying web application directory [C:\Users\dell\Downloads\apache-tomcat-10.1.46-windows-x64\apache-tomcat-10.1.46\webapps\docs]
25-Nov-2025 10:08:53.195 INFO [main] org.apache.catalina.startup.HostConfig.deployDirectory Deployment of web application directory [C:\Users\dell\Downloads\apache-tomcat-10.1.46-windows-x64\apache-tomcat-10.1.46\webapps\docs] has finished in [279] ms
25-Nov-2025 10:08:53.196 INFO [main] org.apache.catalina.startup.HostConfig.deployDirectory Deploying web application directory [C:\Users\dell\Downloads\apache-tomcat-10.1.46-windows-x64\apache-tomcat-10.1.46\webapps\examples]
25-Nov-2025 10:08:53.922 INFO [main] org.apache.catalina.startup.HostConfig.deployDirectory Deployment of web application directory [C:\Users\dell\Downloads\apache-tomcat-10.1.46-windows-x64\apache-tomcat-10.1.46\webapps\examples] has finished in [727] ms
25-Nov-2025 10:08:53.922 INFO [main] org.apache.catalina.startup.HostConfig.deployDirectory Deploying web application directory [C:\Users\dell\Downloads\apache-tomcat-10.1.46-windows-x64\apache-tomcat-10.1.46\webapps\host-manager]
25-Nov-2025 10:08:53.965 INFO [main] org.apache.catalina.startup.HostConfig.deployDirectory Deployment of web application directory [C:\Users\dell\Downloads\apache-tomcat-10.1.46-windows-x64\apache-tomcat-10.1.46\webapps\host-manager] has finished in [43] ms
25-Nov-2025 10:08:53.965 INFO [main] org.apache.catalina.startup.HostConfig.deployDirectory Deploying web application directory [C:\Users\dell\Downloads\apache-tomcat-10.1.46-windows-x64\apache-tomcat-10.1.46\webapps\manager]
25-Nov-2025 10:08:54.004 INFO [main] org.apache.catalina.startup.HostConfig.deployDirectory Deployment of web application directory [C:\Users\dell\Downloads\apache-tomcat-10.1.46-windows-x64\apache-tomcat-10.1.46\webapps\manager] has finished in [39] ms
25-Nov-2025 10:08:54.004 INFO [main] org.apache.catalina.startup.HostConfig.deployDirectory Deploying web application directory [C:\Users\dell\Downloads\apache-tomcat-10.1.46-windows-x64\apache-tomcat-10.1.46\webapps\ROOT]
25-Nov-2025 10:08:54.031 INFO [main] org.apache.catalina.startup.HostConfig.deployDirectory Deployment of web application directory [C:\Users\dell\Downloads\apache-tomcat-10.1.46-windows-x64\apache-tomcat-10.1.46\webapps\ROOT] has finished in [27] ms
25-Nov-2025 10:08:54.036 INFO [main] org.apache.coyote.AbstractProtocol.start Starting ProtocolHandler ["http-nio-8080"]
25-Nov-2025 10:08:54.063 INFO [main] org.apache.catalina.startup.Catalina.start Server startup in [1208] milliseconds
25-Nov-2025 10:08:54.071 SEVERE [main] org.apache.catalina.core.StandardServer.await Failed to create server shutdown socket on address [localhost] and port [8005] (base port [8005] and offset [0])
	java.net.BindException: Address already in use: bind
		at java.base/sun.nio.ch.Net.bind0(Native Method)
		at java.base/sun.nio.ch.Net.bind(Net.java:511)
		at java.base/sun.nio.ch.Net.bind(Net.java:500)
		at java.base/sun.nio.ch.NioSocketImpl.bind(NioSocketImpl.java:630)
		at java.base/java.net.ServerSocket.bind(ServerSocket.java:326)
		at java.base/java.net.ServerSocket.<init>(ServerSocket.java:222)
		at org.apache.catalina.core.StandardServer.await(StandardServer.java:533)
		at org.apache.catalina.startup.Catalina.await(Catalina.java:851)
		at org.apache.catalina.startup.Catalina.start(Catalina.java:799)
		at java.base/jdk.internal.reflect.DirectMethodHandleAccessor.invoke(DirectMethodHandleAccessor.java:104)
		at java.base/java.lang.reflect.Method.invoke(Method.java:565)
		at org.apache.catalina.startup.Bootstrap.start(Bootstrap.java:345)
		at org.apache.catalina.startup.Bootstrap.main(Bootstrap.java:476)
25-Nov-2025 10:08:54.071 INFO [main] org.apache.coyote.AbstractProtocol.pause Pausing ProtocolHandler ["http-nio-8080"]
25-Nov-2025 10:08:54.078 INFO [main] org.apache.catalina.core.StandardService.stopInternal Stopping service [Catalina]
25-Nov-2025 10:08:54.083 WARNING [main] org.apache.catalina.loader.WebappClassLoaderBase.checkThreadLocalsForLeaks You need to add "--add-opens=java.base/java.lang=ALL-UNNAMED" to the JVM command line arguments to enable ThreadLocal memory leak detection. Alternatively, you can suppress this warning by disabling ThreadLocal memory leak detection.
25-Nov-2025 10:08:54.084 WARNING [main] org.apache.catalina.loader.WebappClassLoaderBase.clearReferencesRmiTargets You need to add "--add-opens=java.rmi/sun.rmi.transport=ALL-UNNAMED" to the JVM command line arguments to enable RMI Target memory leak detection. Alternatively, you can suppress this warning by disabling RMI Target memory leak detection.
25-Nov-2025 10:08:54.089 WARNING [main] org.apache.catalina.loader.WebappClassLoaderBase.checkThreadLocalsForLeaks You need to add "--add-opens=java.base/java.lang=ALL-UNNAMED" to the JVM command line arguments to enable ThreadLocal memory leak detection. Alternatively, you can suppress this warning by disabling ThreadLocal memory leak detection.
25-Nov-2025 10:08:54.090 WARNING [main] org.apache.catalina.loader.WebappClassLoaderBase.clearReferencesRmiTargets You need to add "--add-opens=java.rmi/sun.rmi.transport=ALL-UNNAMED" to the JVM command line arguments to enable RMI Target memory leak detection. Alternatively, you can suppress this warning by disabling RMI Target memory leak detection.
25-Nov-2025 10:08:54.092 WARNING [main] org.apache.catalina.loader.WebappClassLoaderBase.checkThreadLocalsForLeaks You need to add "--add-opens=java.base/java.lang=ALL-UNNAMED" to the JVM command line arguments to enable ThreadLocal memory leak detection. Alternatively, you can suppress this warning by disabling ThreadLocal memory leak detection.
25-Nov-2025 10:08:54.097 WARNING [main] org.apache.catalina.loader.WebappClassLoaderBase.clearReferencesRmiTargets You need to add "--add-opens=java.rmi/sun.rmi.transport=ALL-UNNAMED" to the JVM command line arguments to enable RMI Target memory leak detection. Alternatively, you can suppress this warning by disabling RMI Target memory leak detection.
25-Nov-2025 10:08:54.100 WARNING [main] org.apache.catalina.loader.WebappClassLoaderBase.checkThreadLocalsForLeaks You need to add "--add-opens=java.base/java.lang=ALL-UNNAMED" to the JVM command line arguments to enable ThreadLocal memory leak detection. Alternatively, you can suppress this warning by disabling ThreadLocal memory leak detection.
25-Nov-2025 10:08:54.101 WARNING [main] org.apache.catalina.loader.WebappClassLoaderBase.clearReferencesRmiTargets You need to add "--add-opens=java.rmi/sun.rmi.transport=ALL-UNNAMED" to the JVM command line arguments to enable RMI Target memory leak detection. Alternatively, you can suppress this warning by disabling RMI Target memory leak detection.
25-Nov-2025 10:08:54.110 WARNING [main] org.apache.catalina.loader.WebappClassLoaderBase.checkThreadLocalsForLeaks You need to add "--add-opens=java.base/java.lang=ALL-UNNAMED" to the JVM command line arguments to enable ThreadLocal memory leak detection. Alternatively, you can suppress this warning by disabling ThreadLocal memory leak detection.
25-Nov-2025 10:08:54.111 WARNING [main] org.apache.catalina.loader.WebappClassLoaderBase.clearReferencesRmiTargets You need to add "--add-opens=java.rmi/sun.rmi.transport=ALL-UNNAMED" to the JVM command line arguments to enable RMI Target memory leak detection. Alternatively, you can suppress this warning by disabling RMI Target memory leak detection.
25-Nov-2025 10:08:54.112 INFO [main] org.apache.coyote.AbstractProtocol.stop Stopping ProtocolHandler ["http-nio-8080"]
25-Nov-2025 10:08:54.125 INFO [main] org.apache.coyote.AbstractProtocol.destroy Destroying ProtocolHandler ["http-nio-8080"]
25-Nov-2025 10:09:48.162 INFO [main] org.apache.catalina.startup.VersionLoggerListener.log Server version name:   Apache Tomcat/10.1.46
25-Nov-2025 10:09:48.164 INFO [main] org.apache.catalina.startup.VersionLoggerListener.log Server built:          Sep 8 2025 14:26:21 UTC
25-Nov-2025 10:09:48.165 INFO [main] org.apache.catalina.startup.VersionLoggerListener.log Server version number: 10.1.46.0
25-Nov-2025 10:09:48.165 INFO [main] org.apache.catalina.startup.VersionLoggerListener.log OS Name:               Windows 11
25-Nov-2025 10:09:48.165 INFO [main] org.apache.catalina.startup.VersionLoggerListener.log OS Version:            10.0
25-Nov-2025 10:09:48.165 INFO [main] org.apache.catalina.startup.VersionLoggerListener.log Architecture:          amd64
25-Nov-2025 10:09:48.165 INFO [main] org.apache.catalina.startup.VersionLoggerListener.log Java Home:             C:\Program Files\Apache NetBeans\jdk
25-Nov-2025 10:09:48.165 INFO [main] org.apache.catalina.startup.VersionLoggerListener.log JVM Version:           24.0.2+12
25-Nov-2025 10:09:48.165 INFO [main] org.apache.catalina.startup.VersionLoggerListener.log JVM Vendor:            Azul Systems, Inc.
25-Nov-2025 10:09:48.165 INFO [main] org.apache.catalina.startup.VersionLoggerListener.log CATALINA_BASE:         C:\Users\dell\Downloads\apache-tomcat-10.1.46-windows-x64\apache-tomcat-10.1.46
25-Nov-2025 10:09:48.166 INFO [main] org.apache.catalina.startup.VersionLoggerListener.log CATALINA_HOME:         C:\Users\dell\Downloads\apache-tomcat-10.1.46-windows-x64\apache-tomcat-10.1.46
25-Nov-2025 10:09:48.176 INFO [main] org.apache.catalina.startup.VersionLoggerListener.log Command line argument: -Djava.util.logging.config.file=c:\Users\dell\Downloads\apache-tomcat-10.1.46-windows-x64\apache-tomcat-10.1.46/conf/logging.properties
25-Nov-2025 10:09:48.176 INFO [main] org.apache.catalina.startup.VersionLoggerListener.log Command line argument: -Djava.util.logging.manager=org.apache.juli.ClassLoaderLogManager
25-Nov-2025 10:09:48.176 INFO [main] org.apache.catalina.startup.VersionLoggerListener.log Command line argument: -Djdk.tls.ephemeralDHKeySize=2048
25-Nov-2025 10:09:48.176 INFO [main] org.apache.catalina.startup.VersionLoggerListener.log Command line argument: -Djava.protocol.handler.pkgs=org.apache.catalina.webresources
25-Nov-2025 10:09:48.177 INFO [main] org.apache.catalina.startup.VersionLoggerListener.log Command line argument: -Dorg.apache.catalina.security.SecurityListener.UMASK=0027
25-Nov-2025 10:09:48.177 INFO [main] org.apache.catalina.startup.VersionLoggerListener.log Command line argument: -Dcatalina.base=c:\Users\dell\Downloads\apache-tomcat-10.1.46-windows-x64\apache-tomcat-10.1.46
25-Nov-2025 10:09:48.177 INFO [main] org.apache.catalina.startup.VersionLoggerListener.log Command line argument: -Dcatalina.home=c:\Users\dell\Downloads\apache-tomcat-10.1.46-windows-x64\apache-tomcat-10.1.46
25-Nov-2025 10:09:48.177 INFO [main] org.apache.catalina.startup.VersionLoggerListener.log Command line argument: -Djava.io.tmpdir=c:\Users\dell\Downloads\apache-tomcat-10.1.46-windows-x64\apache-tomcat-10.1.46/temp
25-Nov-2025 10:09:48.181 INFO [main] org.apache.catalina.core.AprLifecycleListener.lifecycleEvent Loaded Apache Tomcat Native library [2.0.9] using APR version [1.7.6].
25-Nov-2025 10:09:48.190 INFO [main] org.apache.catalina.core.AprLifecycleListener.initializeSSL OpenSSL successfully initialized [OpenSSL 3.5.0 8 Apr 2025]
25-Nov-2025 10:09:48.427 INFO [main] org.apache.coyote.AbstractProtocol.init Initializing ProtocolHandler ["http-nio-8080"]
25-Nov-2025 10:09:48.445 INFO [main] org.apache.catalina.startup.Catalina.load Server initialization in [431] milliseconds
25-Nov-2025 10:09:48.492 INFO [main] org.apache.catalina.core.StandardService.startInternal Starting service [Catalina]
25-Nov-2025 10:09:48.492 INFO [main] org.apache.catalina.core.StandardEngine.startInternal Starting Servlet engine: [Apache Tomcat/10.1.46]
25-Nov-2025 10:09:48.504 INFO [main] org.apache.catalina.startup.HostConfig.deployDirectory Deploying web application directory [C:\Users\dell\Downloads\apache-tomcat-10.1.46-windows-x64\apache-tomcat-10.1.46\webapps\docs]
25-Nov-2025 10:09:48.756 INFO [main] org.apache.catalina.startup.HostConfig.deployDirectory Deployment of web application directory [C:\Users\dell\Downloads\apache-tomcat-10.1.46-windows-x64\apache-tomcat-10.1.46\webapps\docs] has finished in [253] ms
25-Nov-2025 10:09:48.757 INFO [main] org.apache.catalina.startup.HostConfig.deployDirectory Deploying web application directory [C:\Users\dell\Downloads\apache-tomcat-10.1.46-windows-x64\apache-tomcat-10.1.46\webapps\examples]
25-Nov-2025 10:09:49.156 INFO [main] org.apache.catalina.startup.HostConfig.deployDirectory Deployment of web application directory [C:\Users\dell\Downloads\apache-tomcat-10.1.46-windows-x64\apache-tomcat-10.1.46\webapps\examples] has finished in [398] ms
25-Nov-2025 10:09:49.156 INFO [main] org.apache.catalina.startup.HostConfig.deployDirectory Deploying web application directory [C:\Users\dell\Downloads\apache-tomcat-10.1.46-windows-x64\apache-tomcat-10.1.46\webapps\host-manager]
25-Nov-2025 10:09:49.194 INFO [main] org.apache.catalina.startup.HostConfig.deployDirectory Deployment of web application directory [C:\Users\dell\Downloads\apache-tomcat-10.1.46-windows-x64\apache-tomcat-10.1.46\webapps\host-manager] has finished in [38] ms
25-Nov-2025 10:09:49.194 INFO [main] org.apache.catalina.startup.HostConfig.deployDirectory Deploying web application directory [C:\Users\dell\Downloads\apache-tomcat-10.1.46-windows-x64\apache-tomcat-10.1.46\webapps\manager]
25-Nov-2025 10:09:49.228 INFO [main] org.apache.catalina.startup.HostConfig.deployDirectory Deployment of web application directory [C:\Users\dell\Downloads\apache-tomcat-10.1.46-windows-x64\apache-tomcat-10.1.46\webapps\manager] has finished in [34] ms
25-Nov-2025 10:09:49.229 INFO [main] org.apache.catalina.startup.HostConfig.deployDirectory Deploying web application directory [C:\Users\dell\Downloads\apache-tomcat-10.1.46-windows-x64\apache-tomcat-10.1.46\webapps\ROOT]
25-Nov-2025 10:09:49.254 INFO [main] org.apache.catalina.startup.HostConfig.deployDirectory Deployment of web application directory [C:\Users\dell\Downloads\apache-tomcat-10.1.46-windows-x64\apache-tomcat-10.1.46\webapps\ROOT] has finished in [25] ms
25-Nov-2025 10:09:49.259 INFO [main] org.apache.coyote.AbstractProtocol.start Starting ProtocolHandler ["http-nio-8080"]
25-Nov-2025 10:09:49.283 INFO [main] org.apache.catalina.startup.Catalina.start Server startup in [836] milliseconds
25-Nov-2025 10:09:49.290 SEVERE [main] org.apache.catalina.core.StandardServer.await Failed to create server shutdown socket on address [localhost] and port [8005] (base port [8005] and offset [0])
	java.net.BindException: Address already in use: bind
		at java.base/sun.nio.ch.Net.bind0(Native Method)
		at java.base/sun.nio.ch.Net.bind(Net.java:511)
		at java.base/sun.nio.ch.Net.bind(Net.java:500)
		at java.base/sun.nio.ch.NioSocketImpl.bind(NioSocketImpl.java:630)
		at java.base/java.net.ServerSocket.bind(ServerSocket.java:326)
		at java.base/java.net.ServerSocket.<init>(ServerSocket.java:222)
		at org.apache.catalina.core.StandardServer.await(StandardServer.java:533)
		at org.apache.catalina.startup.Catalina.await(Catalina.java:851)
		at org.apache.catalina.startup.Catalina.start(Catalina.java:799)
		at java.base/jdk.internal.reflect.DirectMethodHandleAccessor.invoke(DirectMethodHandleAccessor.java:104)
		at java.base/java.lang.reflect.Method.invoke(Method.java:565)
		at org.apache.catalina.startup.Bootstrap.start(Bootstrap.java:345)
		at org.apache.catalina.startup.Bootstrap.main(Bootstrap.java:476)
25-Nov-2025 10:09:49.291 INFO [main] org.apache.coyote.AbstractProtocol.pause Pausing ProtocolHandler ["http-nio-8080"]
25-Nov-2025 10:09:49.298 INFO [main] org.apache.catalina.core.StandardService.stopInternal Stopping service [Catalina]
25-Nov-2025 10:09:49.302 WARNING [main] org.apache.catalina.loader.WebappClassLoaderBase.checkThreadLocalsForLeaks You need to add "--add-opens=java.base/java.lang=ALL-UNNAMED" to the JVM command line arguments to enable ThreadLocal memory leak detection. Alternatively, you can suppress this warning by disabling ThreadLocal memory leak detection.
25-Nov-2025 10:09:49.304 WARNING [main] org.apache.catalina.loader.WebappClassLoaderBase.clearReferencesRmiTargets You need to add "--add-opens=java.rmi/sun.rmi.transport=ALL-UNNAMED" to the JVM command line arguments to enable RMI Target memory leak detection. Alternatively, you can suppress this warning by disabling RMI Target memory leak detection.
25-Nov-2025 10:09:49.309 WARNING [main] org.apache.catalina.loader.WebappClassLoaderBase.checkThreadLocalsForLeaks You need to add "--add-opens=java.base/java.lang=ALL-UNNAMED" to the JVM command line arguments to enable ThreadLocal memory leak detection. Alternatively, you can suppress this warning by disabling ThreadLocal memory leak detection.
25-Nov-2025 10:09:49.310 WARNING [main] org.apache.catalina.loader.WebappClassLoaderBase.clearReferencesRmiTargets You need to add "--add-opens=java.rmi/sun.rmi.transport=ALL-UNNAMED" to the JVM command line arguments to enable RMI Target memory leak detection. Alternatively, you can suppress this warning by disabling RMI Target memory leak detection.
25-Nov-2025 10:09:49.314 WARNING [main] org.apache.catalina.loader.WebappClassLoaderBase.checkThreadLocalsForLeaks You need to add "--add-opens=java.base/java.lang=ALL-UNNAMED" to the JVM command line arguments to enable ThreadLocal memory leak detection. Alternatively, you can suppress this warning by disabling ThreadLocal memory leak detection.
25-Nov-2025 10:09:49.314 WARNING [main] org.apache.catalina.loader.WebappClassLoaderBase.clearReferencesRmiTargets You need to add "--add-opens=java.rmi/sun.rmi.transport=ALL-UNNAMED" to the JVM command line arguments to enable RMI Target memory leak detection. Alternatively, you can suppress this warning by disabling RMI Target memory leak detection.
25-Nov-2025 10:09:49.317 WARNING [main] org.apache.catalina.loader.WebappClassLoaderBase.checkThreadLocalsForLeaks You need to add "--add-opens=java.base/java.lang=ALL-UNNAMED" to the JVM command line arguments to enable ThreadLocal memory leak detection. Alternatively, you can suppress this warning by disabling ThreadLocal memory leak detection.
25-Nov-2025 10:09:49.317 WARNING [main] org.apache.catalina.loader.WebappClassLoaderBase.clearReferencesRmiTargets You need to add "--add-opens=java.rmi/sun.rmi.transport=ALL-UNNAMED" to the JVM command line arguments to enable RMI Target memory leak detection. Alternatively, you can suppress this warning by disabling RMI Target memory leak detection.
25-Nov-2025 10:09:49.320 WARNING [main] org.apache.catalina.loader.WebappClassLoaderBase.checkThreadLocalsForLeaks You need to add "--add-opens=java.base/java.lang=ALL-UNNAMED" to the JVM command line arguments to enable ThreadLocal memory leak detection. Alternatively, you can suppress this warning by disabling ThreadLocal memory leak detection.
25-Nov-2025 10:09:49.320 WARNING [main] org.apache.catalina.loader.WebappClassLoaderBase.clearReferencesRmiTargets You need to add "--add-opens=java.rmi/sun.rmi.transport=ALL-UNNAMED" to the JVM command line arguments to enable RMI Target memory leak detection. Alternatively, you can suppress this warning by disabling RMI Target memory leak detection.
25-Nov-2025 10:09:49.321 INFO [main] org.apache.coyote.AbstractProtocol.stop Stopping ProtocolHandler ["http-nio-8080"]
25-Nov-2025 10:09:49.334 INFO [main] org.apache.coyote.AbstractProtocol.destroy Destroying ProtocolHandler ["http-nio-8080"]
25-Nov-2025 10:12:52.493 INFO [main] org.apache.catalina.startup.VersionLoggerListener.log Server version name:   Apache Tomcat/10.1.46
25-Nov-2025 10:12:52.495 INFO [main] org.apache.catalina.startup.VersionLoggerListener.log Server built:          Sep 8 2025 14:26:21 UTC
25-Nov-2025 10:12:52.495 INFO [main] org.apache.catalina.startup.VersionLoggerListener.log Server version number: 10.1.46.0
25-Nov-2025 10:12:52.495 INFO [main] org.apache.catalina.startup.VersionLoggerListener.log OS Name:               Windows 11
25-Nov-2025 10:12:52.495 INFO [main] org.apache.catalina.startup.VersionLoggerListener.log OS Version:            10.0
25-Nov-2025 10:12:52.495 INFO [main] org.apache.catalina.startup.VersionLoggerListener.log Architecture:          amd64
25-Nov-2025 10:12:52.495 INFO [main] org.apache.catalina.startup.VersionLoggerListener.log Java Home:             C:\Program Files\Apache NetBeans\jdk
25-Nov-2025 10:12:52.495 INFO [main] org.apache.catalina.startup.VersionLoggerListener.log JVM Version:           24.0.2+12
25-Nov-2025 10:12:52.496 INFO [main] org.apache.catalina.startup.VersionLoggerListener.log JVM Vendor:            Azul Systems, Inc.
25-Nov-2025 10:12:52.496 INFO [main] org.apache.catalina.startup.VersionLoggerListener.log CATALINA_BASE:         C:\Users\dell\Downloads\apache-tomcat-10.1.46-windows-x64\apache-tomcat-10.1.46
25-Nov-2025 10:12:52.496 INFO [main] org.apache.catalina.startup.VersionLoggerListener.log CATALINA_HOME:         C:\Users\dell\Downloads\apache-tomcat-10.1.46-windows-x64\apache-tomcat-10.1.46
25-Nov-2025 10:12:52.506 INFO [main] org.apache.catalina.startup.VersionLoggerListener.log Command line argument: -Djava.util.logging.config.file=c:\Users\dell\Downloads\apache-tomcat-10.1.46-windows-x64\apache-tomcat-10.1.46/conf/logging.properties
25-Nov-2025 10:12:52.506 INFO [main] org.apache.catalina.startup.VersionLoggerListener.log Command line argument: -Djava.util.logging.manager=org.apache.juli.ClassLoaderLogManager
25-Nov-2025 10:12:52.506 INFO [main] org.apache.catalina.startup.VersionLoggerListener.log Command line argument: -Djdk.tls.ephemeralDHKeySize=2048
25-Nov-2025 10:12:52.506 INFO [main] org.apache.catalina.startup.VersionLoggerListener.log Command line argument: -Djava.protocol.handler.pkgs=org.apache.catalina.webresources
25-Nov-2025 10:12:52.506 INFO [main] org.apache.catalina.startup.VersionLoggerListener.log Command line argument: -Dorg.apache.catalina.security.SecurityListener.UMASK=0027
25-Nov-2025 10:12:52.507 INFO [main] org.apache.catalina.startup.VersionLoggerListener.log Command line argument: -Dcatalina.base=c:\Users\dell\Downloads\apache-tomcat-10.1.46-windows-x64\apache-tomcat-10.1.46
25-Nov-2025 10:12:52.507 INFO [main] org.apache.catalina.startup.VersionLoggerListener.log Command line argument: -Dcatalina.home=c:\Users\dell\Downloads\apache-tomcat-10.1.46-windows-x64\apache-tomcat-10.1.46
25-Nov-2025 10:12:52.507 INFO [main] org.apache.catalina.startup.VersionLoggerListener.log Command line argument: -Djava.io.tmpdir=c:\Users\dell\Downloads\apache-tomcat-10.1.46-windows-x64\apache-tomcat-10.1.46/temp
25-Nov-2025 10:12:52.511 INFO [main] org.apache.catalina.core.AprLifecycleListener.lifecycleEvent Loaded Apache Tomcat Native library [2.0.9] using APR version [1.7.6].
25-Nov-2025 10:12:52.521 INFO [main] org.apache.catalina.core.AprLifecycleListener.initializeSSL OpenSSL successfully initialized [OpenSSL 3.5.0 8 Apr 2025]
25-Nov-2025 10:12:52.758 INFO [main] org.apache.coyote.AbstractProtocol.init Initializing ProtocolHandler ["http-nio-8080"]
25-Nov-2025 10:12:52.774 INFO [main] org.apache.catalina.startup.Catalina.load Server initialization in [450] milliseconds
25-Nov-2025 10:12:52.815 INFO [main] org.apache.catalina.core.StandardService.startInternal Starting service [Catalina]
25-Nov-2025 10:12:52.815 INFO [main] org.apache.catalina.core.StandardEngine.startInternal Starting Servlet engine: [Apache Tomcat/10.1.46]
25-Nov-2025 10:12:52.825 INFO [main] org.apache.catalina.startup.HostConfig.deployDirectory Deploying web application directory [C:\Users\dell\Downloads\apache-tomcat-10.1.46-windows-x64\apache-tomcat-10.1.46\webapps\docs]
25-Nov-2025 10:12:53.089 INFO [main] org.apache.catalina.startup.HostConfig.deployDirectory Deployment of web application directory [C:\Users\dell\Downloads\apache-tomcat-10.1.46-windows-x64\apache-tomcat-10.1.46\webapps\docs] has finished in [263] ms
25-Nov-2025 10:12:53.089 INFO [main] org.apache.catalina.startup.HostConfig.deployDirectory Deploying web application directory [C:\Users\dell\Downloads\apache-tomcat-10.1.46-windows-x64\apache-tomcat-10.1.46\webapps\examples]
25-Nov-2025 10:12:53.465 INFO [main] org.apache.catalina.startup.HostConfig.deployDirectory Deployment of web application directory [C:\Users\dell\Downloads\apache-tomcat-10.1.46-windows-x64\apache-tomcat-10.1.46\webapps\examples] has finished in [376] ms
25-Nov-2025 10:12:53.465 INFO [main] org.apache.catalina.startup.HostConfig.deployDirectory Deploying web application directory [C:\Users\dell\Downloads\apache-tomcat-10.1.46-windows-x64\apache-tomcat-10.1.46\webapps\host-manager]
25-Nov-2025 10:12:53.500 INFO [main] org.apache.catalina.startup.HostConfig.deployDirectory Deployment of web application directory [C:\Users\dell\Downloads\apache-tomcat-10.1.46-windows-x64\apache-tomcat-10.1.46\webapps\host-manager] has finished in [35] ms
25-Nov-2025 10:12:53.500 INFO [main] org.apache.catalina.startup.HostConfig.deployDirectory Deploying web application directory [C:\Users\dell\Downloads\apache-tomcat-10.1.46-windows-x64\apache-tomcat-10.1.46\webapps\manager]
25-Nov-2025 10:12:53.535 INFO [main] org.apache.catalina.startup.HostConfig.deployDirectory Deployment of web application directory [C:\Users\dell\Downloads\apache-tomcat-10.1.46-windows-x64\apache-tomcat-10.1.46\webapps\manager] has finished in [35] ms
25-Nov-2025 10:12:53.535 INFO [main] org.apache.catalina.startup.HostConfig.deployDirectory Deploying web application directory [C:\Users\dell\Downloads\apache-tomcat-10.1.46-windows-x64\apache-tomcat-10.1.46\webapps\ROOT]
25-Nov-2025 10:12:53.558 INFO [main] org.apache.catalina.startup.HostConfig.deployDirectory Deployment of web application directory [C:\Users\dell\Downloads\apache-tomcat-10.1.46-windows-x64\apache-tomcat-10.1.46\webapps\ROOT] has finished in [23] ms
25-Nov-2025 10:12:53.563 INFO [main] org.apache.coyote.AbstractProtocol.start Starting ProtocolHandler ["http-nio-8080"]
25-Nov-2025 10:12:53.593 INFO [main] org.apache.catalina.startup.Catalina.start Server startup in [816] milliseconds
25-Nov-2025 10:12:53.602 SEVERE [main] org.apache.catalina.core.StandardServer.await Failed to create server shutdown socket on address [localhost] and port [8005] (base port [8005] and offset [0])
	java.net.BindException: Address already in use: bind
		at java.base/sun.nio.ch.Net.bind0(Native Method)
		at java.base/sun.nio.ch.Net.bind(Net.java:511)
		at java.base/sun.nio.ch.Net.bind(Net.java:500)
		at java.base/sun.nio.ch.NioSocketImpl.bind(NioSocketImpl.java:630)
		at java.base/java.net.ServerSocket.bind(ServerSocket.java:326)
		at java.base/java.net.ServerSocket.<init>(ServerSocket.java:222)
		at org.apache.catalina.core.StandardServer.await(StandardServer.java:533)
		at org.apache.catalina.startup.Catalina.await(Catalina.java:851)
		at org.apache.catalina.startup.Catalina.start(Catalina.java:799)
		at java.base/jdk.internal.reflect.DirectMethodHandleAccessor.invoke(DirectMethodHandleAccessor.java:104)
		at java.base/java.lang.reflect.Method.invoke(Method.java:565)
		at org.apache.catalina.startup.Bootstrap.start(Bootstrap.java:345)
		at org.apache.catalina.startup.Bootstrap.main(Bootstrap.java:476)
25-Nov-2025 10:12:53.602 INFO [main] org.apache.coyote.AbstractProtocol.pause Pausing ProtocolHandler ["http-nio-8080"]
25-Nov-2025 10:12:53.611 INFO [main] org.apache.catalina.core.StandardService.stopInternal Stopping service [Catalina]
25-Nov-2025 10:12:53.616 WARNING [main] org.apache.catalina.loader.WebappClassLoaderBase.checkThreadLocalsForLeaks You need to add "--add-opens=java.base/java.lang=ALL-UNNAMED" to the JVM command line arguments to enable ThreadLocal memory leak detection. Alternatively, you can suppress this warning by disabling ThreadLocal memory leak detection.
25-Nov-2025 10:12:53.617 WARNING [main] org.apache.catalina.loader.WebappClassLoaderBase.clearReferencesRmiTargets You need to add "--add-opens=java.rmi/sun.rmi.transport=ALL-UNNAMED" to the JVM command line arguments to enable RMI Target memory leak detection. Alternatively, you can suppress this warning by disabling RMI Target memory leak detection.
25-Nov-2025 10:12:53.622 WARNING [main] org.apache.catalina.loader.WebappClassLoaderBase.checkThreadLocalsForLeaks You need to add "--add-opens=java.base/java.lang=ALL-UNNAMED" to the JVM command line arguments to enable ThreadLocal memory leak detection. Alternatively, you can suppress this warning by disabling ThreadLocal memory leak detection.
25-Nov-2025 10:12:53.624 WARNING [main] org.apache.catalina.loader.WebappClassLoaderBase.clearReferencesRmiTargets You need to add "--add-opens=java.rmi/sun.rmi.transport=ALL-UNNAMED" to the JVM command line arguments to enable RMI Target memory leak detection. Alternatively, you can suppress this warning by disabling RMI Target memory leak detection.
25-Nov-2025 10:12:53.625 WARNING [main] org.apache.catalina.loader.WebappClassLoaderBase.checkThreadLocalsForLeaks You need to add "--add-opens=java.base/java.lang=ALL-UNNAMED" to the JVM command line arguments to enable ThreadLocal memory leak detection. Alternatively, you can suppress this warning by disabling ThreadLocal memory leak detection.
25-Nov-2025 10:12:53.626 WARNING [main] org.apache.catalina.loader.WebappClassLoaderBase.clearReferencesRmiTargets You need to add "--add-opens=java.rmi/sun.rmi.transport=ALL-UNNAMED" to the JVM command line arguments to enable RMI Target memory leak detection. Alternatively, you can suppress this warning by disabling RMI Target memory leak detection.
25-Nov-2025 10:12:53.628 WARNING [main] org.apache.catalina.loader.WebappClassLoaderBase.checkThreadLocalsForLeaks You need to add "--add-opens=java.base/java.lang=ALL-UNNAMED" to the JVM command line arguments to enable ThreadLocal memory leak detection. Alternatively, you can suppress this warning by disabling ThreadLocal memory leak detection.
25-Nov-2025 10:12:53.629 WARNING [main] org.apache.catalina.loader.WebappClassLoaderBase.clearReferencesRmiTargets You need to add "--add-opens=java.rmi/sun.rmi.transport=ALL-UNNAMED" to the JVM command line arguments to enable RMI Target memory leak detection. Alternatively, you can suppress this warning by disabling RMI Target memory leak detection.
25-Nov-2025 10:12:53.632 WARNING [main] org.apache.catalina.loader.WebappClassLoaderBase.checkThreadLocalsForLeaks You need to add "--add-opens=java.base/java.lang=ALL-UNNAMED" to the JVM command line arguments to enable ThreadLocal memory leak detection. Alternatively, you can suppress this warning by disabling ThreadLocal memory leak detection.
25-Nov-2025 10:12:53.632 WARNING [main] org.apache.catalina.loader.WebappClassLoaderBase.clearReferencesRmiTargets You need to add "--add-opens=java.rmi/sun.rmi.transport=ALL-UNNAMED" to the JVM command line arguments to enable RMI Target memory leak detection. Alternatively, you can suppress this warning by disabling RMI Target memory leak detection.
25-Nov-2025 10:12:53.633 INFO [main] org.apache.coyote.AbstractProtocol.stop Stopping ProtocolHandler ["http-nio-8080"]
25-Nov-2025 10:12:53.645 INFO [main] org.apache.coyote.AbstractProtocol.destroy Destroying ProtocolHandler ["http-nio-8080"]
25-Nov-2025 10:15:14.037 INFO [main] org.apache.catalina.startup.VersionLoggerListener.log Server version name:   Apache Tomcat/10.1.46
25-Nov-2025 10:15:14.039 INFO [main] org.apache.catalina.startup.VersionLoggerListener.log Server built:          Sep 8 2025 14:26:21 UTC
25-Nov-2025 10:15:14.039 INFO [main] org.apache.catalina.startup.VersionLoggerListener.log Server version number: 10.1.46.0
25-Nov-2025 10:15:14.039 INFO [main] org.apache.catalina.startup.VersionLoggerListener.log OS Name:               Windows 11
25-Nov-2025 10:15:14.039 INFO [main] org.apache.catalina.startup.VersionLoggerListener.log OS Version:            10.0
25-Nov-2025 10:15:14.039 INFO [main] org.apache.catalina.startup.VersionLoggerListener.log Architecture:          amd64
25-Nov-2025 10:15:14.040 INFO [main] org.apache.catalina.startup.VersionLoggerListener.log Java Home:             C:\Program Files\Apache NetBeans\jdk
25-Nov-2025 10:15:14.040 INFO [main] org.apache.catalina.startup.VersionLoggerListener.log JVM Version:           24.0.2+12
25-Nov-2025 10:15:14.040 INFO [main] org.apache.catalina.startup.VersionLoggerListener.log JVM Vendor:            Azul Systems, Inc.
25-Nov-2025 10:15:14.040 INFO [main] org.apache.catalina.startup.VersionLoggerListener.log CATALINA_BASE:         C:\Users\dell\Downloads\apache-tomcat-10.1.46-windows-x64\apache-tomcat-10.1.46
25-Nov-2025 10:15:14.040 INFO [main] org.apache.catalina.startup.VersionLoggerListener.log CATALINA_HOME:         C:\Users\dell\Downloads\apache-tomcat-10.1.46-windows-x64\apache-tomcat-10.1.46
25-Nov-2025 10:15:14.049 INFO [main] org.apache.catalina.startup.VersionLoggerListener.log Command line argument: -Djava.util.logging.config.file=c:\Users\dell\Downloads\apache-tomcat-10.1.46-windows-x64\apache-tomcat-10.1.46/conf/logging.properties
25-Nov-2025 10:15:14.049 INFO [main] org.apache.catalina.startup.VersionLoggerListener.log Command line argument: -Djava.util.logging.manager=org.apache.juli.ClassLoaderLogManager
25-Nov-2025 10:15:14.049 INFO [main] org.apache.catalina.startup.VersionLoggerListener.log Command line argument: -Djdk.tls.ephemeralDHKeySize=2048
25-Nov-2025 10:15:14.049 INFO [main] org.apache.catalina.startup.VersionLoggerListener.log Command line argument: -Djava.protocol.handler.pkgs=org.apache.catalina.webresources
25-Nov-2025 10:15:14.049 INFO [main] org.apache.catalina.startup.VersionLoggerListener.log Command line argument: -Dorg.apache.catalina.security.SecurityListener.UMASK=0027
25-Nov-2025 10:15:14.049 INFO [main] org.apache.catalina.startup.VersionLoggerListener.log Command line argument: -Dcatalina.base=c:\Users\dell\Downloads\apache-tomcat-10.1.46-windows-x64\apache-tomcat-10.1.46
25-Nov-2025 10:15:14.049 INFO [main] org.apache.catalina.startup.VersionLoggerListener.log Command line argument: -Dcatalina.home=c:\Users\dell\Downloads\apache-tomcat-10.1.46-windows-x64\apache-tomcat-10.1.46
25-Nov-2025 10:15:14.049 INFO [main] org.apache.catalina.startup.VersionLoggerListener.log Command line argument: -Djava.io.tmpdir=c:\Users\dell\Downloads\apache-tomcat-10.1.46-windows-x64\apache-tomcat-10.1.46/temp
25-Nov-2025 10:15:14.053 INFO [main] org.apache.catalina.core.AprLifecycleListener.lifecycleEvent Loaded Apache Tomcat Native library [2.0.9] using APR version [1.7.6].
25-Nov-2025 10:15:14.060 INFO [main] org.apache.catalina.core.AprLifecycleListener.initializeSSL OpenSSL successfully initialized [OpenSSL 3.5.0 8 Apr 2025]
25-Nov-2025 10:15:14.321 INFO [main] org.apache.coyote.AbstractProtocol.init Initializing ProtocolHandler ["http-nio-8080"]
25-Nov-2025 10:15:14.340 INFO [main] org.apache.catalina.startup.Catalina.load Server initialization in [456] milliseconds
25-Nov-2025 10:15:14.389 INFO [main] org.apache.catalina.core.StandardService.startInternal Starting service [Catalina]
25-Nov-2025 10:15:14.389 INFO [main] org.apache.catalina.core.StandardEngine.startInternal Starting Servlet engine: [Apache Tomcat/10.1.46]
25-Nov-2025 10:15:14.401 INFO [main] org.apache.catalina.startup.HostConfig.deployDirectory Deploying web application directory [C:\Users\dell\Downloads\apache-tomcat-10.1.46-windows-x64\apache-tomcat-10.1.46\webapps\docs]
25-Nov-2025 10:15:14.647 INFO [main] org.apache.catalina.startup.HostConfig.deployDirectory Deployment of web application directory [C:\Users\dell\Downloads\apache-tomcat-10.1.46-windows-x64\apache-tomcat-10.1.46\webapps\docs] has finished in [245] ms
25-Nov-2025 10:15:14.648 INFO [main] org.apache.catalina.startup.HostConfig.deployDirectory Deploying web application directory [C:\Users\dell\Downloads\apache-tomcat-10.1.46-windows-x64\apache-tomcat-10.1.46\webapps\examples]
25-Nov-2025 10:15:15.043 INFO [main] org.apache.catalina.startup.HostConfig.deployDirectory Deployment of web application directory [C:\Users\dell\Downloads\apache-tomcat-10.1.46-windows-x64\apache-tomcat-10.1.46\webapps\examples] has finished in [396] ms
25-Nov-2025 10:15:15.043 INFO [main] org.apache.catalina.startup.HostConfig.deployDirectory Deploying web application directory [C:\Users\dell\Downloads\apache-tomcat-10.1.46-windows-x64\apache-tomcat-10.1.46\webapps\host-manager]
25-Nov-2025 10:15:15.083 INFO [main] org.apache.catalina.startup.HostConfig.deployDirectory Deployment of web application directory [C:\Users\dell\Downloads\apache-tomcat-10.1.46-windows-x64\apache-tomcat-10.1.46\webapps\host-manager] has finished in [40] ms
25-Nov-2025 10:15:15.083 INFO [main] org.apache.catalina.startup.HostConfig.deployDirectory Deploying web application directory [C:\Users\dell\Downloads\apache-tomcat-10.1.46-windows-x64\apache-tomcat-10.1.46\webapps\manager]
25-Nov-2025 10:15:15.121 INFO [main] org.apache.catalina.startup.HostConfig.deployDirectory Deployment of web application directory [C:\Users\dell\Downloads\apache-tomcat-10.1.46-windows-x64\apache-tomcat-10.1.46\webapps\manager] has finished in [38] ms
25-Nov-2025 10:15:15.121 INFO [main] org.apache.catalina.startup.HostConfig.deployDirectory Deploying web application directory [C:\Users\dell\Downloads\apache-tomcat-10.1.46-windows-x64\apache-tomcat-10.1.46\webapps\ROOT]
25-Nov-2025 10:15:15.150 INFO [main] org.apache.catalina.startup.HostConfig.deployDirectory Deployment of web application directory [C:\Users\dell\Downloads\apache-tomcat-10.1.46-windows-x64\apache-tomcat-10.1.46\webapps\ROOT] has finished in [29] ms
25-Nov-2025 10:15:15.156 INFO [main] org.apache.coyote.AbstractProtocol.start Starting ProtocolHandler ["http-nio-8080"]
25-Nov-2025 10:15:15.184 INFO [main] org.apache.catalina.startup.Catalina.start Server startup in [842] milliseconds
25-Nov-2025 10:20:55.410 INFO [Catalina-utility-2] org.apache.catalina.startup.HostConfig.deployDirectory Deploying web application directory [C:\Users\dell\Downloads\apache-tomcat-10.1.46-windows-x64\apache-tomcat-10.1.46\webapps\Bakery_shop]
25-Nov-2025 10:20:55.446 INFO [Catalina-utility-2] org.apache.catalina.startup.HostConfig.deployDirectory Deployment of web application directory [C:\Users\dell\Downloads\apache-tomcat-10.1.46-windows-x64\apache-tomcat-10.1.46\webapps\Bakery_shop] has finished in [36] ms
25-Nov-2025 10:22:36.057 INFO [Catalina-utility-1] org.apache.catalina.startup.HostConfig.undeploy Undeploying context [/Bakery_shop]
25-Nov-2025 10:22:36.061 WARNING [Catalina-utility-1] org.apache.catalina.loader.WebappClassLoaderBase.checkThreadLocalsForLeaks You need to add "--add-opens=java.base/java.lang=ALL-UNNAMED" to the JVM command line arguments to enable ThreadLocal memory leak detection. Alternatively, you can suppress this warning by disabling ThreadLocal memory leak detection.
25-Nov-2025 10:22:36.062 WARNING [Catalina-utility-1] org.apache.catalina.loader.WebappClassLoaderBase.clearReferencesRmiTargets You need to add "--add-opens=java.rmi/sun.rmi.transport=ALL-UNNAMED" to the JVM command line arguments to enable RMI Target memory leak detection. Alternatively, you can suppress this warning by disabling RMI Target memory leak detection.
25-Nov-2025 10:23:06.103 INFO [Catalina-utility-1] org.apache.catalina.startup.HostConfig.deployDirectory Deploying web application directory [C:\Users\dell\Downloads\apache-tomcat-10.1.46-windows-x64\apache-tomcat-10.1.46\webapps\Bakery_shop]
25-Nov-2025 10:23:06.126 INFO [Catalina-utility-1] org.apache.catalina.startup.HostConfig.deployDirectory Deployment of web application directory [C:\Users\dell\Downloads\apache-tomcat-10.1.46-windows-x64\apache-tomcat-10.1.46\webapps\Bakery_shop] has finished in [22] ms
25-Nov-2025 10:34:47.395 INFO [Catalina-utility-2] org.apache.catalina.startup.HostConfig.undeploy Undeploying context [/Bakery_shop]
25-Nov-2025 10:34:47.400 WARNING [Catalina-utility-2] org.apache.catalina.loader.WebappClassLoaderBase.checkThreadLocalsForLeaks You need to add "--add-opens=java.base/java.lang=ALL-UNNAMED" to the JVM command line arguments to enable ThreadLocal memory leak detection. Alternatively, you can suppress this warning by disabling ThreadLocal memory leak detection.
25-Nov-2025 10:34:47.400 WARNING [Catalina-utility-2] org.apache.catalina.loader.WebappClassLoaderBase.clearReferencesRmiTargets You need to add "--add-opens=java.rmi/sun.rmi.transport=ALL-UNNAMED" to the JVM command line arguments to enable RMI Target memory leak detection. Alternatively, you can suppress this warning by disabling RMI Target memory leak detection.
25-Nov-2025 10:36:07.464 INFO [Catalina-utility-1] org.apache.catalina.startup.HostConfig.deployDirectory Deploying web application directory [C:\Users\dell\Downloads\apache-tomcat-10.1.46-windows-x64\apache-tomcat-10.1.46\webapps\web]
25-Nov-2025 10:36:07.500 INFO [Catalina-utility-1] org.apache.catalina.startup.HostConfig.deployDirectory Deployment of web application directory [C:\Users\dell\Downloads\apache-tomcat-10.1.46-windows-x64\apache-tomcat-10.1.46\webapps\web] has finished in [36] ms
25-Nov-2025 10:43:38.502 INFO [Catalina-utility-2] org.apache.catalina.startup.HostConfig.undeploy Undeploying context [/web]
25-Nov-2025 10:43:38.506 WARNING [Catalina-utility-2] org.apache.catalina.loader.WebappClassLoaderBase.checkThreadLocalsForLeaks You need to add "--add-opens=java.base/java.lang=ALL-UNNAMED" to the JVM command line arguments to enable ThreadLocal memory leak detection. Alternatively, you can suppress this warning by disabling ThreadLocal memory leak detection.
25-Nov-2025 10:43:38.507 WARNING [Catalina-utility-2] org.apache.catalina.loader.WebappClassLoaderBase.clearReferencesRmiTargets You need to add "--add-opens=java.rmi/sun.rmi.transport=ALL-UNNAMED" to the JVM command line arguments to enable RMI Target memory leak detection. Alternatively, you can suppress this warning by disabling RMI Target memory leak detection.
25-Nov-2025 10:43:48.519 INFO [Catalina-utility-1] org.apache.catalina.startup.HostConfig.deployDirectory Deploying web application directory [C:\Users\dell\Downloads\apache-tomcat-10.1.46-windows-x64\apache-tomcat-10.1.46\webapps\web]
25-Nov-2025 10:43:48.550 INFO [Catalina-utility-1] org.apache.catalina.startup.HostConfig.deployDirectory Deployment of web application directory [C:\Users\dell\Downloads\apache-tomcat-10.1.46-windows-x64\apache-tomcat-10.1.46\webapps\web] has finished in [32] ms
25-Nov-2025 10:47:19.280 INFO [Catalina-utility-2] org.apache.catalina.startup.HostConfig.undeploy Undeploying context [/web]
25-Nov-2025 10:47:19.282 WARNING [Catalina-utility-2] org.apache.catalina.loader.WebappClassLoaderBase.checkThreadLocalsForLeaks You need to add "--add-opens=java.base/java.lang=ALL-UNNAMED" to the JVM command line arguments to enable ThreadLocal memory leak detection. Alternatively, you can suppress this warning by disabling ThreadLocal memory leak detection.
25-Nov-2025 10:47:19.282 WARNING [Catalina-utility-2] org.apache.catalina.loader.WebappClassLoaderBase.clearReferencesRmiTargets You need to add "--add-opens=java.rmi/sun.rmi.transport=ALL-UNNAMED" to the JVM command line arguments to enable RMI Target memory leak detection. Alternatively, you can suppress this warning by disabling RMI Target memory leak detection.
25-Nov-2025 10:48:09.342 INFO [Catalina-utility-2] org.apache.catalina.startup.HostConfig.deployDirectory Deploying web application directory [C:\Users\dell\Downloads\apache-tomcat-10.1.46-windows-x64\apache-tomcat-10.1.46\webapps\web]
25-Nov-2025 10:48:09.366 INFO [Catalina-utility-2] org.apache.catalina.startup.HostConfig.deployDirectory Deployment of web application directory [C:\Users\dell\Downloads\apache-tomcat-10.1.46-windows-x64\apache-tomcat-10.1.46\webapps\web] has finished in [24] ms
25-Nov-2025 11:10:20.703 INFO [main] org.apache.catalina.core.StandardServer.await A valid shutdown command was received via the shutdown port. Stopping the Server instance.
25-Nov-2025 11:10:20.703 INFO [main] org.apache.coyote.AbstractProtocol.pause Pausing ProtocolHandler ["http-nio-8080"]
25-Nov-2025 11:10:20.711 INFO [main] org.apache.catalina.core.StandardService.stopInternal Stopping service [Catalina]
25-Nov-2025 11:10:20.715 WARNING [main] org.apache.catalina.loader.WebappClassLoaderBase.checkThreadLocalsForLeaks You need to add "--add-opens=java.base/java.lang=ALL-UNNAMED" to the JVM command line arguments to enable ThreadLocal memory leak detection. Alternatively, you can suppress this warning by disabling ThreadLocal memory leak detection.
25-Nov-2025 11:10:20.715 WARNING [main] org.apache.catalina.loader.WebappClassLoaderBase.clearReferencesRmiTargets You need to add "--add-opens=java.rmi/sun.rmi.transport=ALL-UNNAMED" to the JVM command line arguments to enable RMI Target memory leak detection. Alternatively, you can suppress this warning by disabling RMI Target memory leak detection.
25-Nov-2025 11:10:20.717 WARNING [main] org.apache.catalina.loader.WebappClassLoaderBase.checkThreadLocalsForLeaks You need to add "--add-opens=java.base/java.lang=ALL-UNNAMED" to the JVM command line arguments to enable ThreadLocal memory leak detection. Alternatively, you can suppress this warning by disabling ThreadLocal memory leak detection.
25-Nov-2025 11:10:20.717 WARNING [main] org.apache.catalina.loader.WebappClassLoaderBase.clearReferencesRmiTargets You need to add "--add-opens=java.rmi/sun.rmi.transport=ALL-UNNAMED" to the JVM command line arguments to enable RMI Target memory leak detection. Alternatively, you can suppress this warning by disabling RMI Target memory leak detection.
25-Nov-2025 11:10:20.721 WARNING [main] org.apache.catalina.loader.WebappClassLoaderBase.checkThreadLocalsForLeaks You need to add "--add-opens=java.base/java.lang=ALL-UNNAMED" to the JVM command line arguments to enable ThreadLocal memory leak detection. Alternatively, you can suppress this warning by disabling ThreadLocal memory leak detection.
25-Nov-2025 11:10:20.721 WARNING [main] org.apache.catalina.loader.WebappClassLoaderBase.clearReferencesRmiTargets You need to add "--add-opens=java.rmi/sun.rmi.transport=ALL-UNNAMED" to the JVM command line arguments to enable RMI Target memory leak detection. Alternatively, you can suppress this warning by disabling RMI Target memory leak detection.
25-Nov-2025 11:10:20.723 WARNING [main] org.apache.catalina.loader.WebappClassLoaderBase.checkThreadLocalsForLeaks You need to add "--add-opens=java.base/java.lang=ALL-UNNAMED" to the JVM command line arguments to enable ThreadLocal memory leak detection. Alternatively, you can suppress this warning by disabling ThreadLocal memory leak detection.
25-Nov-2025 11:10:20.723 WARNING [main] org.apache.catalina.loader.WebappClassLoaderBase.clearReferencesRmiTargets You need to add "--add-opens=java.rmi/sun.rmi.transport=ALL-UNNAMED" to the JVM command line arguments to enable RMI Target memory leak detection. Alternatively, you can suppress this warning by disabling RMI Target memory leak detection.
25-Nov-2025 11:10:20.726 WARNING [main] org.apache.catalina.loader.WebappClassLoaderBase.checkThreadLocalsForLeaks You need to add "--add-opens=java.base/java.lang=ALL-UNNAMED" to the JVM command line arguments to enable ThreadLocal memory leak detection. Alternatively, you can suppress this warning by disabling ThreadLocal memory leak detection.
25-Nov-2025 11:10:20.726 WARNING [main] org.apache.catalina.loader.WebappClassLoaderBase.clearReferencesRmiTargets You need to add "--add-opens=java.rmi/sun.rmi.transport=ALL-UNNAMED" to the JVM command line arguments to enable RMI Target memory leak detection. Alternatively, you can suppress this warning by disabling RMI Target memory leak detection.
25-Nov-2025 11:10:20.728 WARNING [main] org.apache.catalina.loader.WebappClassLoaderBase.checkThreadLocalsForLeaks You need to add "--add-opens=java.base/java.lang=ALL-UNNAMED" to the JVM command line arguments to enable ThreadLocal memory leak detection. Alternatively, you can suppress this warning by disabling ThreadLocal memory leak detection.
25-Nov-2025 11:10:20.728 WARNING [main] org.apache.catalina.loader.WebappClassLoaderBase.clearReferencesRmiTargets You need to add "--add-opens=java.rmi/sun.rmi.transport=ALL-UNNAMED" to the JVM command line arguments to enable RMI Target memory leak detection. Alternatively, you can suppress this warning by disabling RMI Target memory leak detection.
25-Nov-2025 11:10:20.729 INFO [main] org.apache.coyote.AbstractProtocol.stop Stopping ProtocolHandler ["http-nio-8080"]
25-Nov-2025 11:10:20.736 INFO [main] org.apache.coyote.AbstractProtocol.destroy Destroying ProtocolHandler ["http-nio-8080"]
25-Nov-2025 11:10:21.196 INFO [main] org.apache.catalina.startup.VersionLoggerListener.log Server version name:   Apache Tomcat/10.1.46
25-Nov-2025 11:10:21.198 INFO [main] org.apache.catalina.startup.VersionLoggerListener.log Server built:          Sep 8 2025 14:26:21 UTC
25-Nov-2025 11:10:21.198 INFO [main] org.apache.catalina.startup.VersionLoggerListener.log Server version number: 10.1.46.0
25-Nov-2025 11:10:21.199 INFO [main] org.apache.catalina.startup.VersionLoggerListener.log OS Name:               Windows 11
25-Nov-2025 11:10:21.199 INFO [main] org.apache.catalina.startup.VersionLoggerListener.log OS Version:            10.0
25-Nov-2025 11:10:21.199 INFO [main] org.apache.catalina.startup.VersionLoggerListener.log Architecture:          amd64
25-Nov-2025 11:10:21.199 INFO [main] org.apache.catalina.startup.VersionLoggerListener.log Java Home:             C:\Program Files\Apache NetBeans\jdk
25-Nov-2025 11:10:21.199 INFO [main] org.apache.catalina.startup.VersionLoggerListener.log JVM Version:           24.0.2+12
25-Nov-2025 11:10:21.199 INFO [main] org.apache.catalina.startup.VersionLoggerListener.log JVM Vendor:            Azul Systems, Inc.
25-Nov-2025 11:10:21.199 INFO [main] org.apache.catalina.startup.VersionLoggerListener.log CATALINA_BASE:         C:\Users\dell\Downloads\apache-tomcat-10.1.46-windows-x64\apache-tomcat-10.1.46
25-Nov-2025 11:10:21.199 INFO [main] org.apache.catalina.startup.VersionLoggerListener.log CATALINA_HOME:         C:\Users\dell\Downloads\apache-tomcat-10.1.46-windows-x64\apache-tomcat-10.1.46
25-Nov-2025 11:10:21.210 INFO [main] org.apache.catalina.startup.VersionLoggerListener.log Command line argument: -Djava.util.logging.config.file=c:\Users\dell\Downloads\apache-tomcat-10.1.46-windows-x64\apache-tomcat-10.1.46/conf/logging.properties
25-Nov-2025 11:10:21.210 INFO [main] org.apache.catalina.startup.VersionLoggerListener.log Command line argument: -Djava.util.logging.manager=org.apache.juli.ClassLoaderLogManager
25-Nov-2025 11:10:21.210 INFO [main] org.apache.catalina.startup.VersionLoggerListener.log Command line argument: -Djdk.tls.ephemeralDHKeySize=2048
25-Nov-2025 11:10:21.210 INFO [main] org.apache.catalina.startup.VersionLoggerListener.log Command line argument: -Djava.protocol.handler.pkgs=org.apache.catalina.webresources
25-Nov-2025 11:10:21.210 INFO [main] org.apache.catalina.startup.VersionLoggerListener.log Command line argument: -Dorg.apache.catalina.security.SecurityListener.UMASK=0027
25-Nov-2025 11:10:21.210 INFO [main] org.apache.catalina.startup.VersionLoggerListener.log Command line argument: -Dcatalina.base=c:\Users\dell\Downloads\apache-tomcat-10.1.46-windows-x64\apache-tomcat-10.1.46
25-Nov-2025 11:10:21.210 INFO [main] org.apache.catalina.startup.VersionLoggerListener.log Command line argument: -Dcatalina.home=c:\Users\dell\Downloads\apache-tomcat-10.1.46-windows-x64\apache-tomcat-10.1.46
25-Nov-2025 11:10:21.210 INFO [main] org.apache.catalina.startup.VersionLoggerListener.log Command line argument: -Djava.io.tmpdir=c:\Users\dell\Downloads\apache-tomcat-10.1.46-windows-x64\apache-tomcat-10.1.46/temp
25-Nov-2025 11:10:21.213 INFO [main] org.apache.catalina.core.AprLifecycleListener.lifecycleEvent Loaded Apache Tomcat Native library [2.0.9] using APR version [1.7.6].
25-Nov-2025 11:10:21.222 INFO [main] org.apache.catalina.core.AprLifecycleListener.initializeSSL OpenSSL successfully initialized [OpenSSL 3.5.0 8 Apr 2025]
25-Nov-2025 11:10:21.477 INFO [main] org.apache.coyote.AbstractProtocol.init Initializing ProtocolHandler ["http-nio-8080"]
25-Nov-2025 11:10:21.497 INFO [main] org.apache.catalina.startup.Catalina.load Server initialization in [474] milliseconds
25-Nov-2025 11:10:21.544 INFO [main] org.apache.catalina.core.StandardService.startInternal Starting service [Catalina]
25-Nov-2025 11:10:21.544 INFO [main] org.apache.catalina.core.StandardEngine.startInternal Starting Servlet engine: [Apache Tomcat/10.1.46]
25-Nov-2025 11:10:21.558 INFO [main] org.apache.catalina.startup.HostConfig.deployDirectory Deploying web application directory [C:\Users\dell\Downloads\apache-tomcat-10.1.46-windows-x64\apache-tomcat-10.1.46\webapps\docs]
25-Nov-2025 11:10:21.824 INFO [main] org.apache.catalina.startup.HostConfig.deployDirectory Deployment of web application directory [C:\Users\dell\Downloads\apache-tomcat-10.1.46-windows-x64\apache-tomcat-10.1.46\webapps\docs] has finished in [265] ms
25-Nov-2025 11:10:21.824 INFO [main] org.apache.catalina.startup.HostConfig.deployDirectory Deploying web application directory [C:\Users\dell\Downloads\apache-tomcat-10.1.46-windows-x64\apache-tomcat-10.1.46\webapps\examples]
25-Nov-2025 11:10:22.236 INFO [main] org.apache.catalina.startup.HostConfig.deployDirectory Deployment of web application directory [C:\Users\dell\Downloads\apache-tomcat-10.1.46-windows-x64\apache-tomcat-10.1.46\webapps\examples] has finished in [412] ms
25-Nov-2025 11:10:22.236 INFO [main] org.apache.catalina.startup.HostConfig.deployDirectory Deploying web application directory [C:\Users\dell\Downloads\apache-tomcat-10.1.46-windows-x64\apache-tomcat-10.1.46\webapps\host-manager]
25-Nov-2025 11:10:22.274 INFO [main] org.apache.catalina.startup.HostConfig.deployDirectory Deployment of web application directory [C:\Users\dell\Downloads\apache-tomcat-10.1.46-windows-x64\apache-tomcat-10.1.46\webapps\host-manager] has finished in [36] ms
25-Nov-2025 11:10:22.274 INFO [main] org.apache.catalina.startup.HostConfig.deployDirectory Deploying web application directory [C:\Users\dell\Downloads\apache-tomcat-10.1.46-windows-x64\apache-tomcat-10.1.46\webapps\manager]
25-Nov-2025 11:10:22.309 INFO [main] org.apache.catalina.startup.HostConfig.deployDirectory Deployment of web application directory [C:\Users\dell\Downloads\apache-tomcat-10.1.46-windows-x64\apache-tomcat-10.1.46\webapps\manager] has finished in [35] ms
25-Nov-2025 11:10:22.309 INFO [main] org.apache.catalina.startup.HostConfig.deployDirectory Deploying web application directory [C:\Users\dell\Downloads\apache-tomcat-10.1.46-windows-x64\apache-tomcat-10.1.46\webapps\ROOT]
25-Nov-2025 11:10:22.333 INFO [main] org.apache.catalina.startup.HostConfig.deployDirectory Deployment of web application directory [C:\Users\dell\Downloads\apache-tomcat-10.1.46-windows-x64\apache-tomcat-10.1.46\webapps\ROOT] has finished in [24] ms
25-Nov-2025 11:10:22.333 INFO [main] org.apache.catalina.startup.HostConfig.deployDirectory Deploying web application directory [C:\Users\dell\Downloads\apache-tomcat-10.1.46-windows-x64\apache-tomcat-10.1.46\webapps\web]
25-Nov-2025 11:10:22.379 SEVERE [main] org.apache.catalina.startup.HostConfig.deployDirectory Error deploying web application directory [C:\Users\dell\Downloads\apache-tomcat-10.1.46-windows-x64\apache-tomcat-10.1.46\webapps\web]
	java.lang.IllegalStateException: Error starting child
		at org.apache.catalina.core.ContainerBase.addChildInternal(ContainerBase.java:602)
		at org.apache.catalina.core.ContainerBase.addChild(ContainerBase.java:571)
		at org.apache.catalina.core.StandardHost.addChild(StandardHost.java:655)
		at org.apache.catalina.startup.HostConfig.deployDirectory(HostConfig.java:1126)
		at org.apache.catalina.startup.HostConfig$DeployDirectory.run(HostConfig.java:1925)
		at java.base/java.util.concurrent.Executors$RunnableAdapter.call(Executors.java:545)
		at java.base/java.util.concurrent.FutureTask.run(FutureTask.java:328)
		at org.apache.tomcat.util.threads.InlineExecutorService.execute(InlineExecutorService.java:81)
		at java.base/java.util.concurrent.AbstractExecutorService.submit(AbstractExecutorService.java:124)
		at org.apache.catalina.startup.HostConfig.deployDirectories(HostConfig.java:1037)
		at org.apache.catalina.startup.HostConfig.deployApps(HostConfig.java:422)
		at org.apache.catalina.startup.HostConfig.start(HostConfig.java:1621)
		at org.apache.catalina.startup.HostConfig.lifecycleEvent(HostConfig.java:303)
		at org.apache.catalina.util.LifecycleBase.fireLifecycleEvent(LifecycleBase.java:109)
		at org.apache.catalina.util.LifecycleBase.setStateInternal(LifecycleBase.java:389)
		at org.apache.catalina.util.LifecycleBase.setState(LifecycleBase.java:336)
		at org.apache.catalina.core.ContainerBase.startInternal(ContainerBase.java:776)
		at org.apache.catalina.core.StandardHost.startInternal(StandardHost.java:773)
		at org.apache.catalina.util.LifecycleBase.start(LifecycleBase.java:164)
		at org.apache.catalina.core.ContainerBase$StartChild.call(ContainerBase.java:1203)
		at org.apache.catalina.core.ContainerBase$StartChild.call(ContainerBase.java:1193)
		at java.base/java.util.concurrent.FutureTask.run(FutureTask.java:328)
		at org.apache.tomcat.util.threads.InlineExecutorService.execute(InlineExecutorService.java:81)
		at java.base/java.util.concurrent.AbstractExecutorService.submit(AbstractExecutorService.java:148)
		at org.apache.catalina.core.ContainerBase.startInternal(ContainerBase.java:749)
		at org.apache.catalina.core.StandardEngine.startInternal(StandardEngine.java:203)
		at org.apache.catalina.util.LifecycleBase.start(LifecycleBase.java:164)
		at org.apache.catalina.core.StandardService.startInternal(StandardService.java:412)
		at org.apache.catalina.util.LifecycleBase.start(LifecycleBase.java:164)
		at org.apache.catalina.core.StandardServer.startInternal(StandardServer.java:870)
		at org.apache.catalina.util.LifecycleBase.start(LifecycleBase.java:164)
		at org.apache.catalina.startup.Catalina.start(Catalina.java:761)
		at java.base/jdk.internal.reflect.DirectMethodHandleAccessor.invoke(DirectMethodHandleAccessor.java:104)
		at java.base/java.lang.reflect.Method.invoke(Method.java:565)
		at org.apache.catalina.startup.Bootstrap.start(Bootstrap.java:345)
		at org.apache.catalina.startup.Bootstrap.main(Bootstrap.java:476)
	Caused by: org.apache.catalina.LifecycleException: Failed to start component [StandardEngine[Catalina].StandardHost[localhost].StandardContext[/web]]
		at org.apache.catalina.util.LifecycleBase.handleSubClassException(LifecycleBase.java:404)
		at org.apache.catalina.util.LifecycleBase.start(LifecycleBase.java:179)
		at org.apache.catalina.core.ContainerBase.addChildInternal(ContainerBase.java:599)
		... 35 more
	Caused by: java.lang.NoClassDefFoundError: HttpServletRequest
		at java.base/java.lang.Class.getDeclaredMethods0(Native Method)
		at java.base/java.lang.Class.privateGetDeclaredMethods(Class.java:3035)
		at java.base/java.lang.Class.getDeclaredMethods(Class.java:2331)
		at org.apache.catalina.util.Introspection.getDeclaredMethods(Introspection.java:108)
		at org.apache.catalina.startup.WebAnnotationSet.loadMethodsAnnotation(WebAnnotationSet.java:214)
		at org.apache.catalina.startup.WebAnnotationSet.loadApplicationServletAnnotations(WebAnnotationSet.java:138)
		at org.apache.catalina.startup.WebAnnotationSet.loadApplicationAnnotations(WebAnnotationSet.java:69)
		at org.apache.catalina.startup.ContextConfig.applicationAnnotationsConfig(ContextConfig.java:319)
		at org.apache.catalina.startup.ContextConfig.configureStart(ContextConfig.java:976)
		at org.apache.catalina.startup.ContextConfig.lifecycleEvent(ContextConfig.java:290)
		at org.apache.catalina.util.LifecycleBase.fireLifecycleEvent(LifecycleBase.java:109)
		at org.apache.catalina.core.StandardContext.startInternal(StandardContext.java:4380)
		at org.apache.catalina.util.LifecycleBase.start(LifecycleBase.java:164)
		... 36 more
	Caused by: java.lang.ClassNotFoundException: HttpServletRequest
		at org.apache.catalina.loader.WebappClassLoaderBase.loadClass(WebappClassLoaderBase.java:1380)
		at org.apache.catalina.loader.WebappClassLoaderBase.loadClass(WebappClassLoaderBase.java:1189)
		... 49 more
25-Nov-2025 11:10:22.381 INFO [main] org.apache.catalina.startup.HostConfig.deployDirectory Deployment of web application directory [C:\Users\dell\Downloads\apache-tomcat-10.1.46-windows-x64\apache-tomcat-10.1.46\webapps\web] has finished in [47] ms
25-Nov-2025 11:10:22.387 INFO [main] org.apache.coyote.AbstractProtocol.start Starting ProtocolHandler ["http-nio-8080"]
25-Nov-2025 11:10:22.413 INFO [main] org.apache.catalina.startup.Catalina.start Server startup in [913] milliseconds
25-Nov-2025 11:11:12.943 INFO [Catalina-utility-2] org.apache.catalina.startup.HostConfig.undeploy Undeploying context [/web]
25-Nov-2025 11:11:12.946 WARNING [Catalina-utility-2] org.apache.catalina.loader.WebappClassLoaderBase.checkThreadLocalsForLeaks You need to add "--add-opens=java.base/java.lang=ALL-UNNAMED" to the JVM command line arguments to enable ThreadLocal memory leak detection. Alternatively, you can suppress this warning by disabling ThreadLocal memory leak detection.
25-Nov-2025 11:11:12.947 WARNING [Catalina-utility-2] org.apache.catalina.loader.WebappClassLoaderBase.clearReferencesRmiTargets You need to add "--add-opens=java.rmi/sun.rmi.transport=ALL-UNNAMED" to the JVM command line arguments to enable RMI Target memory leak detection. Alternatively, you can suppress this warning by disabling RMI Target memory leak detection.
25-Nov-2025 11:11:32.983 INFO [Catalina-utility-1] org.apache.catalina.startup.HostConfig.deployDirectory Deploying web application directory [C:\Users\dell\Downloads\apache-tomcat-10.1.46-windows-x64\apache-tomcat-10.1.46\webapps\web]
25-Nov-2025 11:11:33.033 SEVERE [Catalina-utility-1] org.apache.catalina.startup.HostConfig.deployDirectory Error deploying web application directory [C:\Users\dell\Downloads\apache-tomcat-10.1.46-windows-x64\apache-tomcat-10.1.46\webapps\web]
	java.lang.IllegalStateException: Error starting child
		at org.apache.catalina.core.ContainerBase.addChildInternal(ContainerBase.java:602)
		at org.apache.catalina.core.ContainerBase.addChild(ContainerBase.java:571)
		at org.apache.catalina.core.StandardHost.addChild(StandardHost.java:655)
		at org.apache.catalina.startup.HostConfig.deployDirectory(HostConfig.java:1126)
		at org.apache.catalina.startup.HostConfig$DeployDirectory.run(HostConfig.java:1925)
		at java.base/java.util.concurrent.Executors$RunnableAdapter.call(Executors.java:545)
		at java.base/java.util.concurrent.FutureTask.run(FutureTask.java:328)
		at org.apache.tomcat.util.threads.InlineExecutorService.execute(InlineExecutorService.java:81)
		at java.base/java.util.concurrent.AbstractExecutorService.submit(AbstractExecutorService.java:124)
		at org.apache.catalina.startup.HostConfig.deployDirectories(HostConfig.java:1037)
		at org.apache.catalina.startup.HostConfig.deployApps(HostConfig.java:422)
		at org.apache.catalina.startup.HostConfig.check(HostConfig.java:1670)
		at org.apache.catalina.startup.HostConfig.lifecycleEvent(HostConfig.java:299)
		at org.apache.catalina.util.LifecycleBase.fireLifecycleEvent(LifecycleBase.java:109)
		at org.apache.catalina.core.ContainerBase.backgroundProcess(ContainerBase.java:973)
		at org.apache.catalina.core.ContainerBase$ContainerBackgroundProcessor.processChildren(ContainerBase.java:1172)
		at org.apache.catalina.core.ContainerBase$ContainerBackgroundProcessor.processChildren(ContainerBase.java:1176)
		at org.apache.catalina.core.ContainerBase$ContainerBackgroundProcessor.run(ContainerBase.java:1154)
		at java.base/java.util.concurrent.Executors$RunnableAdapter.call(Executors.java:545)
		at java.base/java.util.concurrent.FutureTask.runAndReset(FutureTask.java:369)
		at java.base/java.util.concurrent.ScheduledThreadPoolExecutor$ScheduledFutureTask.run(ScheduledThreadPoolExecutor.java:310)
		at java.base/java.util.concurrent.ThreadPoolExecutor.runWorker(ThreadPoolExecutor.java:1095)
		at java.base/java.util.concurrent.ThreadPoolExecutor$Worker.run(ThreadPoolExecutor.java:619)
		at org.apache.tomcat.util.threads.TaskThread$WrappingRunnable.run(TaskThread.java:63)
		at java.base/java.lang.Thread.run(Thread.java:1447)
	Caused by: org.apache.catalina.LifecycleException: Failed to start component [StandardEngine[Catalina].StandardHost[localhost].StandardContext[/web]]
		at org.apache.catalina.util.LifecycleBase.handleSubClassException(LifecycleBase.java:404)
		at org.apache.catalina.util.LifecycleBase.start(LifecycleBase.java:179)
		at org.apache.catalina.core.ContainerBase.addChildInternal(ContainerBase.java:599)
		... 24 more
	Caused by: java.lang.NoClassDefFoundError: HttpServletRequest
		at java.base/java.lang.Class.getDeclaredMethods0(Native Method)
		at java.base/java.lang.Class.privateGetDeclaredMethods(Class.java:3035)
		at java.base/java.lang.Class.getDeclaredMethods(Class.java:2331)
		at org.apache.catalina.util.Introspection.getDeclaredMethods(Introspection.java:108)
		at org.apache.catalina.startup.WebAnnotationSet.loadMethodsAnnotation(WebAnnotationSet.java:214)
		at org.apache.catalina.startup.WebAnnotationSet.loadApplicationServletAnnotations(WebAnnotationSet.java:138)
		at org.apache.catalina.startup.WebAnnotationSet.loadApplicationAnnotations(WebAnnotationSet.java:69)
		at org.apache.catalina.startup.ContextConfig.applicationAnnotationsConfig(ContextConfig.java:319)
		at org.apache.catalina.startup.ContextConfig.configureStart(ContextConfig.java:976)
		at org.apache.catalina.startup.ContextConfig.lifecycleEvent(ContextConfig.java:290)
		at org.apache.catalina.util.LifecycleBase.fireLifecycleEvent(LifecycleBase.java:109)
		at org.apache.catalina.core.StandardContext.startInternal(StandardContext.java:4380)
		at org.apache.catalina.util.LifecycleBase.start(LifecycleBase.java:164)
		... 25 more
	Caused by: java.lang.ClassNotFoundException: HttpServletRequest
		at org.apache.catalina.loader.WebappClassLoaderBase.loadClass(WebappClassLoaderBase.java:1380)
		at org.apache.catalina.loader.WebappClassLoaderBase.loadClass(WebappClassLoaderBase.java:1189)
		... 38 more
25-Nov-2025 11:11:33.033 INFO [Catalina-utility-1] org.apache.catalina.startup.HostConfig.deployDirectory Deployment of web application directory [C:\Users\dell\Downloads\apache-tomcat-10.1.46-windows-x64\apache-tomcat-10.1.46\webapps\web] has finished in [50] ms
25-Nov-2025 11:23:04.208 INFO [Catalina-utility-1] org.apache.catalina.startup.HostConfig.undeploy Undeploying context [/web]
25-Nov-2025 11:23:04.210 WARNING [Catalina-utility-1] org.apache.catalina.loader.WebappClassLoaderBase.checkThreadLocalsForLeaks You need to add "--add-opens=java.base/java.lang=ALL-UNNAMED" to the JVM command line arguments to enable ThreadLocal memory leak detection. Alternatively, you can suppress this warning by disabling ThreadLocal memory leak detection.
25-Nov-2025 11:23:04.211 WARNING [Catalina-utility-1] org.apache.catalina.loader.WebappClassLoaderBase.clearReferencesRmiTargets You need to add "--add-opens=java.rmi/sun.rmi.transport=ALL-UNNAMED" to the JVM command line arguments to enable RMI Target memory leak detection. Alternatively, you can suppress this warning by disabling RMI Target memory leak detection.
25-Nov-2025 11:23:44.245 INFO [Catalina-utility-1] org.apache.catalina.startup.HostConfig.deployDirectory Deploying web application directory [C:\Users\dell\Downloads\apache-tomcat-10.1.46-windows-x64\apache-tomcat-10.1.46\webapps\Bakery_shop]
25-Nov-2025 11:23:44.829 SEVERE [Catalina-utility-1] org.apache.catalina.startup.HostConfig.deployDirectory Error deploying web application directory [C:\Users\dell\Downloads\apache-tomcat-10.1.46-windows-x64\apache-tomcat-10.1.46\webapps\Bakery_shop]
	java.lang.IllegalStateException: Error starting child
		at org.apache.catalina.core.ContainerBase.addChildInternal(ContainerBase.java:602)
		at org.apache.catalina.core.ContainerBase.addChild(ContainerBase.java:571)
		at org.apache.catalina.core.StandardHost.addChild(StandardHost.java:655)
		at org.apache.catalina.startup.HostConfig.deployDirectory(HostConfig.java:1126)
		at org.apache.catalina.startup.HostConfig$DeployDirectory.run(HostConfig.java:1925)
		at java.base/java.util.concurrent.Executors$RunnableAdapter.call(Executors.java:545)
		at java.base/java.util.concurrent.FutureTask.run(FutureTask.java:328)
		at org.apache.tomcat.util.threads.InlineExecutorService.execute(InlineExecutorService.java:81)
		at java.base/java.util.concurrent.AbstractExecutorService.submit(AbstractExecutorService.java:124)
		at org.apache.catalina.startup.HostConfig.deployDirectories(HostConfig.java:1037)
		at org.apache.catalina.startup.HostConfig.deployApps(HostConfig.java:422)
		at org.apache.catalina.startup.HostConfig.check(HostConfig.java:1670)
		at org.apache.catalina.startup.HostConfig.lifecycleEvent(HostConfig.java:299)
		at org.apache.catalina.util.LifecycleBase.fireLifecycleEvent(LifecycleBase.java:109)
		at org.apache.catalina.core.ContainerBase.backgroundProcess(ContainerBase.java:973)
		at org.apache.catalina.core.ContainerBase$ContainerBackgroundProcessor.processChildren(ContainerBase.java:1172)
		at org.apache.catalina.core.ContainerBase$ContainerBackgroundProcessor.processChildren(ContainerBase.java:1176)
		at org.apache.catalina.core.ContainerBase$ContainerBackgroundProcessor.run(ContainerBase.java:1154)
		at java.base/java.util.concurrent.Executors$RunnableAdapter.call(Executors.java:545)
		at java.base/java.util.concurrent.FutureTask.runAndReset(FutureTask.java:369)
		at java.base/java.util.concurrent.ScheduledThreadPoolExecutor$ScheduledFutureTask.run(ScheduledThreadPoolExecutor.java:310)
		at java.base/java.util.concurrent.ThreadPoolExecutor.runWorker(ThreadPoolExecutor.java:1095)
		at java.base/java.util.concurrent.ThreadPoolExecutor$Worker.run(ThreadPoolExecutor.java:619)
		at org.apache.tomcat.util.threads.TaskThread$WrappingRunnable.run(TaskThread.java:63)
		at java.base/java.lang.Thread.run(Thread.java:1447)
	Caused by: org.apache.catalina.LifecycleException: Failed to start component [StandardEngine[Catalina].StandardHost[localhost].StandardContext[/Bakery_shop]]
		at org.apache.catalina.util.LifecycleBase.handleSubClassException(LifecycleBase.java:404)
		at org.apache.catalina.util.LifecycleBase.start(LifecycleBase.java:179)
		at org.apache.catalina.core.ContainerBase.addChildInternal(ContainerBase.java:599)
		... 24 more
	Caused by: java.lang.NoClassDefFoundError: HttpServletRequest
		at java.base/java.lang.Class.getDeclaredMethods0(Native Method)
		at java.base/java.lang.Class.privateGetDeclaredMethods(Class.java:3035)
		at java.base/java.lang.Class.getDeclaredMethods(Class.java:2331)
		at org.apache.catalina.util.Introspection.getDeclaredMethods(Introspection.java:108)
		at org.apache.catalina.startup.WebAnnotationSet.loadMethodsAnnotation(WebAnnotationSet.java:214)
		at org.apache.catalina.startup.WebAnnotationSet.loadApplicationServletAnnotations(WebAnnotationSet.java:138)
		at org.apache.catalina.startup.WebAnnotationSet.loadApplicationAnnotations(WebAnnotationSet.java:69)
		at org.apache.catalina.startup.ContextConfig.applicationAnnotationsConfig(ContextConfig.java:319)
		at org.apache.catalina.startup.ContextConfig.configureStart(ContextConfig.java:976)
		at org.apache.catalina.startup.ContextConfig.lifecycleEvent(ContextConfig.java:290)
		at org.apache.catalina.util.LifecycleBase.fireLifecycleEvent(LifecycleBase.java:109)
		at org.apache.catalina.core.StandardContext.startInternal(StandardContext.java:4380)
		at org.apache.catalina.util.LifecycleBase.start(LifecycleBase.java:164)
		... 25 more
	Caused by: java.lang.ClassNotFoundException: HttpServletRequest
		at org.apache.catalina.loader.WebappClassLoaderBase.loadClass(WebappClassLoaderBase.java:1380)
		at org.apache.catalina.loader.WebappClassLoaderBase.loadClass(WebappClassLoaderBase.java:1189)
		... 38 more
25-Nov-2025 11:23:44.831 INFO [Catalina-utility-1] org.apache.catalina.startup.HostConfig.deployDirectory Deployment of web application directory [C:\Users\dell\Downloads\apache-tomcat-10.1.46-windows-x64\apache-tomcat-10.1.46\webapps\Bakery_shop] has finished in [586] ms
25-Nov-2025 15:04:08.036 INFO [main] org.apache.catalina.core.StandardServer.await A valid shutdown command was received via the shutdown port. Stopping the Server instance.
25-Nov-2025 15:04:08.037 INFO [main] org.apache.coyote.AbstractProtocol.pause Pausing ProtocolHandler ["http-nio-8080"]
25-Nov-2025 15:04:08.047 INFO [main] org.apache.catalina.core.StandardService.stopInternal Stopping service [Catalina]
25-Nov-2025 15:04:08.050 WARNING [main] org.apache.catalina.loader.WebappClassLoaderBase.checkThreadLocalsForLeaks You need to add "--add-opens=java.base/java.lang=ALL-UNNAMED" to the JVM command line arguments to enable ThreadLocal memory leak detection. Alternatively, you can suppress this warning by disabling ThreadLocal memory leak detection.
25-Nov-2025 15:04:08.051 WARNING [main] org.apache.catalina.loader.WebappClassLoaderBase.clearReferencesRmiTargets You need to add "--add-opens=java.rmi/sun.rmi.transport=ALL-UNNAMED" to the JVM command line arguments to enable RMI Target memory leak detection. Alternatively, you can suppress this warning by disabling RMI Target memory leak detection.
25-Nov-2025 15:04:08.053 WARNING [main] org.apache.catalina.loader.WebappClassLoaderBase.checkThreadLocalsForLeaks You need to add "--add-opens=java.base/java.lang=ALL-UNNAMED" to the JVM command line arguments to enable ThreadLocal memory leak detection. Alternatively, you can suppress this warning by disabling ThreadLocal memory leak detection.
25-Nov-2025 15:04:08.054 WARNING [main] org.apache.catalina.loader.WebappClassLoaderBase.clearReferencesRmiTargets You need to add "--add-opens=java.rmi/sun.rmi.transport=ALL-UNNAMED" to the JVM command line arguments to enable RMI Target memory leak detection. Alternatively, you can suppress this warning by disabling RMI Target memory leak detection.
25-Nov-2025 15:04:08.057 WARNING [main] org.apache.catalina.loader.WebappClassLoaderBase.checkThreadLocalsForLeaks You need to add "--add-opens=java.base/java.lang=ALL-UNNAMED" to the JVM command line arguments to enable ThreadLocal memory leak detection. Alternatively, you can suppress this warning by disabling ThreadLocal memory leak detection.
25-Nov-2025 15:04:08.057 WARNING [main] org.apache.catalina.loader.WebappClassLoaderBase.clearReferencesRmiTargets You need to add "--add-opens=java.rmi/sun.rmi.transport=ALL-UNNAMED" to the JVM command line arguments to enable RMI Target memory leak detection. Alternatively, you can suppress this warning by disabling RMI Target memory leak detection.
25-Nov-2025 15:04:08.060 WARNING [main] org.apache.catalina.loader.WebappClassLoaderBase.checkThreadLocalsForLeaks You need to add "--add-opens=java.base/java.lang=ALL-UNNAMED" to the JVM command line arguments to enable ThreadLocal memory leak detection. Alternatively, you can suppress this warning by disabling ThreadLocal memory leak detection.
25-Nov-2025 15:04:08.060 WARNING [main] org.apache.catalina.loader.WebappClassLoaderBase.clearReferencesRmiTargets You need to add "--add-opens=java.rmi/sun.rmi.transport=ALL-UNNAMED" to the JVM command line arguments to enable RMI Target memory leak detection. Alternatively, you can suppress this warning by disabling RMI Target memory leak detection.
25-Nov-2025 15:04:08.062 WARNING [main] org.apache.catalina.loader.WebappClassLoaderBase.checkThreadLocalsForLeaks You need to add "--add-opens=java.base/java.lang=ALL-UNNAMED" to the JVM command line arguments to enable ThreadLocal memory leak detection. Alternatively, you can suppress this warning by disabling ThreadLocal memory leak detection.
25-Nov-2025 15:04:08.063 WARNING [main] org.apache.catalina.loader.WebappClassLoaderBase.clearReferencesRmiTargets You need to add "--add-opens=java.rmi/sun.rmi.transport=ALL-UNNAMED" to the JVM command line arguments to enable RMI Target memory leak detection. Alternatively, you can suppress this warning by disabling RMI Target memory leak detection.
25-Nov-2025 15:04:08.063 INFO [main] org.apache.coyote.AbstractProtocol.stop Stopping ProtocolHandler ["http-nio-8080"]
25-Nov-2025 15:04:08.071 INFO [main] org.apache.coyote.AbstractProtocol.destroy Destroying ProtocolHandler ["http-nio-8080"]
25-Nov-2025 15:04:08.076 WARNING [main] org.apache.catalina.loader.WebappClassLoaderBase.checkThreadLocalsForLeaks You need to add "--add-opens=java.base/java.lang=ALL-UNNAMED" to the JVM command line arguments to enable ThreadLocal memory leak detection. Alternatively, you can suppress this warning by disabling ThreadLocal memory leak detection.
25-Nov-2025 15:04:08.076 WARNING [main] org.apache.catalina.loader.WebappClassLoaderBase.clearReferencesRmiTargets You need to add "--add-opens=java.rmi/sun.rmi.transport=ALL-UNNAMED" to the JVM command line arguments to enable RMI Target memory leak detection. Alternatively, you can suppress this warning by disabling RMI Target memory leak detection.
