25-Nov-2025 10:08:53.911 INFO [main] org.apache.catalina.core.ApplicationContext.log ContextListener: contextInitialized()
25-Nov-2025 10:08:53.911 INFO [main] org.apache.catalina.core.ApplicationContext.log SessionListener: contextInitialized()
25-Nov-2025 10:08:53.913 INFO [main] org.apache.catalina.core.ApplicationContext.log ContextListener: attributeAdded('StockTicker', 'async.Stockticker@339bf286')
25-Nov-2025 10:08:54.087 INFO [main] org.apache.catalina.core.ApplicationContext.log SessionListener: contextDestroyed()
25-Nov-2025 10:08:54.087 INFO [main] org.apache.catalina.core.ApplicationContext.log ContextListener: contextDestroyed()
25-Nov-2025 10:09:49.144 INFO [main] org.apache.catalina.core.ApplicationContext.log ContextListener: contextInitialized()
25-Nov-2025 10:09:49.144 INFO [main] org.apache.catalina.core.ApplicationContext.log SessionListener: contextInitialized()
25-Nov-2025 10:09:49.146 INFO [main] org.apache.catalina.core.ApplicationContext.log ContextListener: attributeAdded('StockTicker', 'async.Stockticker@6cbcf243')
25-Nov-2025 10:09:49.307 INFO [main] org.apache.catalina.core.ApplicationContext.log SessionListener: contextDestroyed()
25-Nov-2025 10:09:49.307 INFO [main] org.apache.catalina.core.ApplicationContext.log ContextListener: contextDestroyed()
25-Nov-2025 10:12:53.454 INFO [main] org.apache.catalina.core.ApplicationContext.log ContextListener: contextInitialized()
25-Nov-2025 10:12:53.454 INFO [main] org.apache.catalina.core.ApplicationContext.log SessionListener: contextInitialized()
25-Nov-2025 10:12:53.455 INFO [main] org.apache.catalina.core.ApplicationContext.log ContextListener: attributeAdded('StockTicker', 'async.Stockticker@339bf286')
25-Nov-2025 10:12:53.621 INFO [main] org.apache.catalina.core.ApplicationContext.log SessionListener: contextDestroyed()
25-Nov-2025 10:12:53.621 INFO [main] org.apache.catalina.core.ApplicationContext.log ContextListener: contextDestroyed()
25-Nov-2025 10:15:15.030 INFO [main] org.apache.catalina.core.ApplicationContext.log ContextListener: contextInitialized()
25-Nov-2025 10:15:15.030 INFO [main] org.apache.catalina.core.ApplicationContext.log SessionListener: contextInitialized()
25-Nov-2025 10:15:15.032 INFO [main] org.apache.catalina.core.ApplicationContext.log ContextListener: attributeAdded('StockTicker', 'async.Stockticker@339bf286')
25-Nov-2025 11:05:16.589 SEVERE [http-nio-8080-exec-46] org.apache.catalina.core.StandardWrapperValve.invoke Servlet.service() for servlet [jsp] in context with path [/web] threw exception [Unable to compile class for JSP: 

An error occurred at line: [15] in the generated java file: [C:\Users\dell\Downloads\apache-tomcat-10.1.46-windows-x64\apache-tomcat-10.1.46\work\Catalina\localhost\web\org\apache\jsp\banhlist_jsp.java]
Only a type can be imported. model.Banh resolves to a package

An error occurred at line: [74] in the jsp file: [/banhlist.jsp]
Banh cannot be resolved to a type
71: </section>
72: 
73: <%
74:     ArrayList<Banh> arr = (ArrayList<Banh>) request.getAttribute("data");
75:     String contextPath = request.getContextPath();
76: %>
77: 


An error occurred at line: [74] in the jsp file: [/banhlist.jsp]
Banh cannot be resolved to a type
71: </section>
72: 
73: <%
74:     ArrayList<Banh> arr = (ArrayList<Banh>) request.getAttribute("data");
75:     String contextPath = request.getContextPath();
76: %>
77: 


An error occurred at line: [82] in the jsp file: [/banhlist.jsp]
Banh cannot be resolved to a type
79:     <div class="container">
80:         <div class="row">
81:             <% if (arr != null) { 
82:                 for(Banh b : arr) { %>
83:                 <div class="col-md-4">
84:                     <div class="banh-card">
85:                         <figure>


Stacktrace:] with root cause
	org.apache.jasper.JasperException: Unable to compile class for JSP: 

An error occurred at line: [15] in the generated java file: [C:\Users\dell\Downloads\apache-tomcat-10.1.46-windows-x64\apache-tomcat-10.1.46\work\Catalina\localhost\web\org\apache\jsp\banhlist_jsp.java]
Only a type can be imported. model.Banh resolves to a package

An error occurred at line: [74] in the jsp file: [/banhlist.jsp]
Banh cannot be resolved to a type
71: </section>
72: 
73: <%
74:     ArrayList<Banh> arr = (ArrayList<Banh>) request.getAttribute("data");
75:     String contextPath = request.getContextPath();
76: %>
77: 


An error occurred at line: [74] in the jsp file: [/banhlist.jsp]
Banh cannot be resolved to a type
71: </section>
72: 
73: <%
74:     ArrayList<Banh> arr = (ArrayList<Banh>) request.getAttribute("data");
75:     String contextPath = request.getContextPath();
76: %>
77: 


An error occurred at line: [82] in the jsp file: [/banhlist.jsp]
Banh cannot be resolved to a type
79:     <div class="container">
80:         <div class="row">
81:             <% if (arr != null) { 
82:                 for(Banh b : arr) { %>
83:                 <div class="col-md-4">
84:                     <div class="banh-card">
85:                         <figure>


Stacktrace:
		at org.apache.jasper.compiler.DefaultErrorHandler.javacError(DefaultErrorHandler.java:72)
		at org.apache.jasper.compiler.ErrorDispatcher.javacError(ErrorDispatcher.java:192)
		at org.apache.jasper.compiler.JDTCompiler.generateClass(JDTCompiler.java:555)
		at org.apache.jasper.compiler.Compiler.compile(Compiler.java:374)
		at org.apache.jasper.compiler.Compiler.compile(Compiler.java:346)
		at org.apache.jasper.compiler.Compiler.compile(Compiler.java:332)
		at org.apache.jasper.JspCompilationContext.compile(JspCompilationContext.java:592)
		at org.apache.jasper.servlet.JspServletWrapper.service(JspServletWrapper.java:375)
		at org.apache.jasper.servlet.JspServlet.serviceJspFile(JspServlet.java:356)
		at org.apache.jasper.servlet.JspServlet.service(JspServlet.java:307)
		at jakarta.servlet.http.HttpServlet.service(HttpServlet.java:658)
		at org.apache.catalina.core.ApplicationFilterChain.internalDoFilter(ApplicationFilterChain.java:195)
		at org.apache.catalina.core.ApplicationFilterChain.doFilter(ApplicationFilterChain.java:140)
		at org.apache.tomcat.websocket.server.WsFilter.doFilter(WsFilter.java:51)
		at org.apache.catalina.core.ApplicationFilterChain.internalDoFilter(ApplicationFilterChain.java:164)
		at org.apache.catalina.core.ApplicationFilterChain.doFilter(ApplicationFilterChain.java:140)
		at org.apache.catalina.core.StandardWrapperValve.invoke(StandardWrapperValve.java:167)
		at org.apache.catalina.core.StandardContextValve.invoke(StandardContextValve.java:90)
		at org.apache.catalina.authenticator.AuthenticatorBase.invoke(AuthenticatorBase.java:483)
		at org.apache.catalina.core.StandardHostValve.invoke(StandardHostValve.java:116)
		at org.apache.catalina.valves.ErrorReportValve.invoke(ErrorReportValve.java:93)
		at org.apache.catalina.valves.AbstractAccessLogValve.invoke(AbstractAccessLogValve.java:666)
		at org.apache.catalina.core.StandardEngineValve.invoke(StandardEngineValve.java:74)
		at org.apache.catalina.connector.CoyoteAdapter.service(CoyoteAdapter.java:344)
		at org.apache.coyote.http11.Http11Processor.service(Http11Processor.java:398)
		at org.apache.coyote.AbstractProcessorLight.process(AbstractProcessorLight.java:63)
		at org.apache.coyote.AbstractProtocol$ConnectionHandler.process(AbstractProtocol.java:903)
		at org.apache.tomcat.util.net.NioEndpoint$SocketProcessor.doRun(NioEndpoint.java:1776)
		at org.apache.tomcat.util.net.SocketProcessorBase.run(SocketProcessorBase.java:52)
		at org.apache.tomcat.util.threads.ThreadPoolExecutor.runWorker(ThreadPoolExecutor.java:975)
		at org.apache.tomcat.util.threads.ThreadPoolExecutor$Worker.run(ThreadPoolExecutor.java:493)
		at org.apache.tomcat.util.threads.TaskThread$WrappingRunnable.run(TaskThread.java:63)
		at java.base/java.lang.Thread.run(Thread.java:1447)
25-Nov-2025 11:10:20.718 INFO [main] org.apache.catalina.core.ApplicationContext.log SessionListener: contextDestroyed()
25-Nov-2025 11:10:20.718 INFO [main] org.apache.catalina.core.ApplicationContext.log ContextListener: contextDestroyed()
25-Nov-2025 11:10:22.226 INFO [main] org.apache.catalina.core.ApplicationContext.log ContextListener: contextInitialized()
25-Nov-2025 11:10:22.227 INFO [main] org.apache.catalina.core.ApplicationContext.log SessionListener: contextInitialized()
25-Nov-2025 11:10:22.228 INFO [main] org.apache.catalina.core.ApplicationContext.log ContextListener: attributeAdded('StockTicker', 'async.Stockticker@339bf286')
25-Nov-2025 15:04:08.051 INFO [main] org.apache.catalina.core.ApplicationContext.log SessionListener: contextDestroyed()
25-Nov-2025 15:04:08.052 INFO [main] org.apache.catalina.core.ApplicationContext.log ContextListener: contextDestroyed()
